\BOOKMARK [1][-]{section*.5}{\376\377\000L\000i\000s\000t\000\040\000o\000f\000\040\000F\000i\000g\000u\000r\000e\000s}{}% 1
\BOOKMARK [1][-]{section*.6}{\376\377\000L\000i\000s\000t\000\040\000o\000f\000\040\000T\000a\000b\000l\000e\000s}{}% 2
\BOOKMARK [1][-]{section.1}{\376\377\000I\000n\000t\000r\000o\000d\000u\000c\000t\000i\000o\000n}{}% 3
\BOOKMARK [1][-]{section.2}{\376\377\000M\000e\000c\000h\000a\000n\000i\000c\000a\000l\000\040\000D\000e\000s\000i\000g\000n}{}% 4
\BOOKMARK [2][-]{subsection.2.1}{\376\377\000O\000b\000j\000e\000c\000t\000\040\000D\000e\000t\000e\000c\000t\000i\000o\000n\000\040\000a\000n\000d\000\040\000M\000a\000n\000i\000p\000u\000l\000a\000t\000o\000r\000\040\000M\000o\000d\000u\000l\000e}{section.2}% 5
\BOOKMARK [2][-]{subsection.2.2}{\376\377\000G\000r\000i\000p\000p\000e\000r\000\040\000a\000n\000d\000\040\000C\000o\000l\000o\000u\000r\000\040\000S\000e\000n\000s\000i\000n\000g\000\040\000M\000o\000d\000u\000l\000e}{section.2}% 6
\BOOKMARK [2][-]{subsection.2.3}{\376\377\000D\000r\000i\000v\000e\000\040\000B\000a\000s\000e}{section.2}% 7
\BOOKMARK [1][-]{section.3}{\376\377\000S\000o\000f\000t\000w\000a\000r\000e\000\040\000D\000e\000s\000i\000g\000n}{}% 8
\BOOKMARK [2][-]{subsection.3.1}{\376\377\000T\000a\000s\000k\000\040\000S\000o\000l\000u\000t\000i\000o\000n}{section.3}% 9
\BOOKMARK [2][-]{subsection.3.2}{\376\377\000M\000a\000i\000n\000\040\000C\000o\000d\000e}{section.3}% 10
\BOOKMARK [2][-]{subsection.3.3}{\376\377\000U\000s\000e\000r\000\040\000M\000e\000n\000u\000\040\000f\000o\000r\000\040\000S\000e\000l\000e\000c\000t\000i\000n\000g\000\040\000t\000h\000e\000\040\000C\000o\000l\000o\000u\000r\000\040\000\050\000f\000r\000u\000i\000t\000\051}{section.3}% 11
\BOOKMARK [2][-]{subsection.3.4}{\376\377\000D\000r\000i\000v\000i\000n\000g\000\040\000f\000r\000o\000m\000\040\000A\000c\000r\000e\000\040\000t\000o\000\040\000M\000a\000i\000n\000\040\000l\000i\000n\000e\000\040\000a\000n\000d\000\040\000H\000o\000m\000e\000\040\000Z\000o\000n\000e}{section.3}% 12
\BOOKMARK [2][-]{subsection.3.5}{\376\377\000S\000c\000a\000n\000n\000i\000n\000g\000\040\000F\000u\000n\000c\000t\000i\000o\000n\000\040\000a\000n\000d\000\040\000U\000l\000t\000r\000a\000-\000S\000o\000n\000i\000c\000\040\000S\000e\000n\000s\000o\000r\000\040\000O\000p\000t\000i\000m\000i\000z\000a\000t\000i\000o\000n}{section.3}% 13
\BOOKMARK [1][-]{section.4}{\376\377\000A\000n\000a\000l\000y\000s\000i\000s\000:\000\040\000P\000l\000a\000n\000\040\000h\000o\000w\000\040\000t\000o\000\040\000t\000a\000c\000k\000l\000e\000\040\000t\000h\000e\000\040\000p\000r\000o\000b\000l\000e\000m}{}% 14
\BOOKMARK [2][-]{subsection.4.1}{\376\377\000P\000r\000o\000j\000e\000c\000t\000\040\000S\000e\000t\000u\000p}{section.4}% 15
\BOOKMARK [3][-]{subsubsection.4.1.1}{\376\377\000P\000r\000o\000j\000e\000c\000t\000\040\000V\000i\000s\000i\000o\000n}{subsection.4.1}% 16
\BOOKMARK [3][-]{subsubsection.4.1.2}{\376\377\000S\000C\000R\000U\000M\000\040\000T\000e\000a\000m}{subsection.4.1}% 17
\BOOKMARK [3][-]{subsubsection.4.1.3}{\376\377\000P\000r\000o\000d\000u\000c\000t\000\040\000B\000a\000c\000k\000l\000o\000g}{subsection.4.1}% 18
\BOOKMARK [2][-]{subsection.4.2}{\376\377\000S\000p\000r\000i\000n\000t\000\040\0001}{section.4}% 19
\BOOKMARK [3][-]{subsubsection.4.2.1}{\376\377\000G\000o\000a\000l\000s\000\040\000o\000f\000\040\000t\000h\000e\000\040\000s\000p\000r\000i\000n\000t}{subsection.4.2}% 20
\BOOKMARK [3][-]{subsubsection.4.2.2}{\376\377\000B\000u\000r\000n\000-\000d\000o\000w\000n\000\040\000C\000h\000a\000r\000t}{subsection.4.2}% 21
\BOOKMARK [2][-]{subsection.4.3}{\376\377\000T\000e\000s\000t\000:\000\040\000e\000x\000p\000e\000c\000t\000e\000d\000\040\000a\000n\000d\000\040\000a\000c\000t\000u\000a\000l\000\040\000r\000e\000s\000u\000l\000t\000s\000,\000\040\000b\000u\000g\000\040\000f\000i\000x\000i\000n\000g\000.}{section.4}% 22
\BOOKMARK [2][-]{subsection.4.4}{\376\377\000S\000p\000r\000i\000n\000t\000\040\0002}{section.4}% 23
\BOOKMARK [3][-]{subsubsection.4.4.1}{\376\377\000G\000o\000a\000l\000s\000\040\000o\000f\000\040\000t\000h\000e\000\040\000s\000p\000r\000i\000n\000t}{subsection.4.4}% 24
\BOOKMARK [3][-]{subsubsection.4.4.2}{\376\377\000B\000u\000r\000n\000-\000d\000o\000w\000n\000\040\000C\000h\000a\000r\000t}{subsection.4.4}% 25
\BOOKMARK [3][-]{subsubsection.4.4.3}{\376\377\000T\000e\000s\000t\000:\000\040\000e\000x\000p\000e\000c\000t\000e\000d\000\040\000a\000n\000d\000\040\000a\000c\000t\000u\000a\000l\000\040\000r\000e\000s\000u\000l\000t\000s\000,\000\040\000b\000u\000g\000\040\000f\000i\000x\000i\000n\000g\000.}{subsection.4.4}% 26
\BOOKMARK [3][-]{subsubsection.4.4.4}{\376\377\000P\000r\000o\000d\000u\000c\000t\000\040\000B\000a\000c\000k\000l\000o\000g}{subsection.4.4}% 27
\BOOKMARK [2][-]{subsection.4.5}{\376\377\000S\000p\000r\000i\000n\000t\000\040\0003}{section.4}% 28
\BOOKMARK [3][-]{subsubsection.4.5.1}{\376\377\000G\000o\000a\000l\000s\000\040\000o\000f\000\040\000t\000h\000e\000\040\000s\000p\000r\000i\000n\000t}{subsection.4.5}% 29
\BOOKMARK [3][-]{subsubsection.4.5.2}{\376\377\000B\000u\000r\000n\000-\000d\000o\000w\000n\000\040\000C\000h\000a\000r\000t}{subsection.4.5}% 30
\BOOKMARK [3][-]{subsubsection.4.5.3}{\376\377\000T\000e\000s\000t\000:\000\040\000e\000x\000p\000e\000c\000t\000e\000d\000\040\000a\000n\000d\000\040\000a\000c\000t\000u\000a\000l\000\040\000r\000e\000s\000u\000l\000t\000s\000,\000\040\000b\000u\000g\000\040\000f\000i\000x\000i\000n\000g\000.}{subsection.4.5}% 31
\BOOKMARK [1][-]{section.5}{\376\377\000D\000i\000s\000c\000u\000s\000s\000i\000o\000n\000\040\000a\000n\000d\000\040\000r\000e\000f\000l\000e\000c\000t\000i\000o\000n}{}% 32
\BOOKMARK [2][-]{subsection.5.1}{\376\377\000R\000e\000s\000u\000l\000t\000s\000\040\000o\000f\000\040\000t\000h\000e\000\040\000s\000p\000r\000i\000n\000t\000\040\000r\000e\000t\000r\000o\000s\000p\000e\000c\000t\000i\000v\000e\000s}{section.5}% 33
\BOOKMARK [2][-]{subsection.5.2}{\376\377\000F\000i\000n\000a\000l\000\040\000d\000i\000s\000c\000u\000s\000s\000i\000o\000n}{section.5}% 34
\BOOKMARK [1][-]{subsection.5.2}{\376\377\000R\000e\000f\000e\000r\000e\000n\000c\000e\000s}{}% 35
\BOOKMARK [1][-]{section*.29}{\376\377\000A\000p\000p\000e\000n\000d\000i\000c\000e\000s}{}% 36
\BOOKMARK [1][-]{appendix.a.A}{\376\377\000L\000i\000b\000r\000a\000r\000y\000\040\000i\000m\000p\000o\000r\000t\000i\000n\000g\000\040\000a\000n\000d\000\040\000D\000e\000v\000i\000c\000e\000\040\000S\000e\000t\000u\000p}{}% 37
\BOOKMARK [1][-]{appendix.a.B}{\376\377\000U\000s\000e\000r\000\040\000M\000e\000n\000u\000\040\000f\000o\000r\000\040\000S\000e\000l\000e\000c\000t\000i\000n\000g\000\040\000t\000h\000e\000\040\000C\000o\000l\000o\000u\000r}{}% 38
\BOOKMARK [1][-]{appendix.a.C}{\376\377\000F\000u\000n\000c\000t\000i\000o\000n\000\040\000f\000o\000r\000\040\000t\000u\000r\000n\000i\000n\000g\000\040\000l\000e\000f\000t}{}% 39
\BOOKMARK [1][-]{appendix.a.D}{\376\377\000F\000u\000n\000c\000t\000i\000o\000n\000\040\000f\000o\000r\000\040\000t\000u\000r\000n\000i\000n\000g\000\040\000r\000i\000g\000h\000t}{}% 40
\BOOKMARK [1][-]{appendix.a.E}{\376\377\000F\000u\000n\000c\000t\000i\000o\000n\000\040\000f\000o\000r\000\040\000m\000o\000v\000i\000n\000g\000\040\000t\000h\000e\000\040\000r\000o\000b\000o\000t\000\040\000f\000o\000r\000w\000a\000r\000d}{}% 41
\BOOKMARK [1][-]{appendix.a.F}{\376\377\000F\000u\000n\000c\000t\000i\000o\000n\000\040\000f\000o\000r\000\040\000m\000o\000v\000i\000n\000g\000\040\000t\000h\000e\000\040\000r\000o\000b\000o\000t\000\040\000f\000r\000o\000m\000\040\000A\000c\000r\000e\000\040\000t\000o\000\040\000H\000o\000m\000e\000-\000Z\000o\000n\000e}{}% 42
\BOOKMARK [1][-]{appendix.a.G}{\376\377\000F\000u\000n\000c\000t\000i\000o\000n\000\040\000f\000o\000r\000\040\000m\000o\000v\000i\000n\000g\000\040\000t\000h\000e\000\040\000r\000o\000b\000o\000t\000\040\000f\000r\000o\000m\000\040\000A\000c\000r\000e\000\040\000t\000o\000\040\000M\000a\000i\000n\000-\000L\000i\000n\000e}{}% 43
\BOOKMARK [1][-]{appendix.a.H}{\376\377\000F\000u\000n\000c\000t\000i\000o\000n\000\040\000f\000o\000r\000\040\000o\000p\000e\000r\000a\000t\000i\000n\000g\000\040\000t\000h\000e\000\040\000G\000r\000i\000p\000p\000e\000r}{}% 44
\BOOKMARK [1][-]{appendix.a.I}{\376\377\000F\000u\000n\000c\000t\000i\000o\000n\000\040\000f\000o\000r\000\040\000S\000e\000a\000r\000c\000h\000i\000n\000g\000\040\000t\000h\000e\000\040\000f\000r\000u\000i\000t\000s}{}% 45
\BOOKMARK [1][-]{appendix.a.J}{\376\377\000M\000a\000i\000n\000\040\000C\000o\000d\000e}{}% 46
