This is pdfTeX, Version 3.141592653-2.6-1.40.24 (MiKTeX 21.12) (preloaded format=pdflatex 2022.3.4)  21 JAN 2023 16:18
entering extended mode
 restricted \write18 enabled.
 %&-line parsing enabled.
**"./IPEB3 Project Report.tex"
(IPEB3 Project Report.tex
LaTeX2e <2021-11-15> patch level 1
L3 programming layer <2021-11-22> (Preliminary-pages/header.tex
(C:\Users\ROG\AppData\Local\Programs\MiKTeX\tex/latex/base\article.cls
Document Class: article 2021/10/04 v1.4n Standard LaTeX document class
(C:\Users\ROG\AppData\Local\Programs\MiKTeX\tex/latex/base\size12.clo
File: size12.clo 2021/10/04 v1.4n Standard LaTeX file (size option)
)
\c@part=\count183
\c@section=\count184
\c@subsection=\count185
\c@subsubsection=\count186
\c@paragraph=\count187
\c@subparagraph=\count188
\c@figure=\count189
\c@table=\count190
\abovecaptionskip=\skip47
\belowcaptionskip=\skip48
\bibindent=\dimen138
)
(C:\Users\ROG\AppData\Local\Programs\MiKTeX\tex/latex/base\inputenc.sty
Package: inputenc 2021/02/14 v1.3d Input encoding file
\inpenc@prehook=\toks16
\inpenc@posthook=\toks17
)
(C:\Users\ROG\AppData\Local\Programs\MiKTeX\tex/latex/base\fontenc.sty
Package: fontenc 2021/04/29 v2.0v Standard LaTeX package
)
(C:\Users\ROG\AppData\Local\Programs\MiKTeX\tex/latex/psnfss\mathptmx.sty
Package: mathptmx 2020/03/25 PSNFSS-v9.3 Times w/ Math, improved (SPQR, WaS) 
LaTeX Font Info:    Redeclaring symbol font `operators' on input line 28.
LaTeX Font Info:    Overwriting symbol font `operators' in version `normal'
(Font)                  OT1/cmr/m/n --> OT1/ztmcm/m/n on input line 28.
LaTeX Font Info:    Overwriting symbol font `operators' in version `bold'
(Font)                  OT1/cmr/bx/n --> OT1/ztmcm/m/n on input line 28.
LaTeX Font Info:    Redeclaring symbol font `letters' on input line 29.
LaTeX Font Info:    Overwriting symbol font `letters' in version `normal'
(Font)                  OML/cmm/m/it --> OML/ztmcm/m/it on input line 29.
LaTeX Font Info:    Overwriting symbol font `letters' in version `bold'
(Font)                  OML/cmm/b/it --> OML/ztmcm/m/it on input line 29.
LaTeX Font Info:    Redeclaring symbol font `symbols' on input line 30.
LaTeX Font Info:    Overwriting symbol font `symbols' in version `normal'
(Font)                  OMS/cmsy/m/n --> OMS/ztmcm/m/n on input line 30.
LaTeX Font Info:    Overwriting symbol font `symbols' in version `bold'
(Font)                  OMS/cmsy/b/n --> OMS/ztmcm/m/n on input line 30.
LaTeX Font Info:    Redeclaring symbol font `largesymbols' on input line 31.
LaTeX Font Info:    Overwriting symbol font `largesymbols' in version `normal'
(Font)                  OMX/cmex/m/n --> OMX/ztmcm/m/n on input line 31.
LaTeX Font Info:    Overwriting symbol font `largesymbols' in version `bold'
(Font)                  OMX/cmex/m/n --> OMX/ztmcm/m/n on input line 31.
\symbold=\mathgroup4
\symitalic=\mathgroup5
LaTeX Font Info:    Redeclaring math alphabet \mathbf on input line 34.
LaTeX Font Info:    Overwriting math alphabet `\mathbf' in version `normal'
(Font)                  OT1/cmr/bx/n --> OT1/ptm/bx/n on input line 34.
LaTeX Font Info:    Overwriting math alphabet `\mathbf' in version `bold'
(Font)                  OT1/cmr/bx/n --> OT1/ptm/bx/n on input line 34.
LaTeX Font Info:    Redeclaring math alphabet \mathit on input line 35.
LaTeX Font Info:    Overwriting math alphabet `\mathit' in version `normal'
(Font)                  OT1/cmr/m/it --> OT1/ptm/m/it on input line 35.
LaTeX Font Info:    Overwriting math alphabet `\mathit' in version `bold'
(Font)                  OT1/cmr/bx/it --> OT1/ptm/m/it on input line 35.
LaTeX Info: Redefining \hbar on input line 50.
)
(C:\Users\ROG\AppData\Local\Programs\MiKTeX\tex/latex/xstring\xstring.sty
(C:\Users\ROG\AppData\Local\Programs\MiKTeX\tex/generic/xstring\xstring.tex
\integerpart=\count191
\decimalpart=\count192
)
Package: xstring 2021/07/21 v1.84 String manipulations (CT)
)
(C:\Users\ROG\AppData\Local\Programs\MiKTeX\tex/latex/lastpage\lastpage.sty
Package: lastpage 2021/09/03 v1.2n Refers to last page's name (HMM; JPG)
)
(C:\Users\ROG\AppData\Local\Programs\MiKTeX\tex/latex/fancyhdr\fancyhdr.sty
Package: fancyhdr 2021/01/28 v4.0.1 Extensive control of page headers and foote
rs
\f@nch@headwidth=\skip49
\f@nch@O@elh=\skip50
\f@nch@O@erh=\skip51
\f@nch@O@olh=\skip52
\f@nch@O@orh=\skip53
\f@nch@O@elf=\skip54
\f@nch@O@erf=\skip55
\f@nch@O@olf=\skip56
\f@nch@O@orf=\skip57
)
(C:\Users\ROG\AppData\Local\Programs\MiKTeX\tex/latex/refcount\refcount.sty
Package: refcount 2019/12/15 v3.6 Data extraction from label references (HO)

(C:\Users\ROG\AppData\Local\Programs\MiKTeX\tex/generic/ltxcmds\ltxcmds.sty
Package: ltxcmds 2020-05-10 v1.25 LaTeX kernel commands for general use (HO)
)
(C:\Users\ROG\AppData\Local\Programs\MiKTeX\tex/generic/infwarerr\infwarerr.sty
Package: infwarerr 2019/12/03 v1.5 Providing info/warning/error messages (HO)
)) (C:\Users\ROG\AppData\Local\Programs\MiKTeX\tex/latex/amsmath\amsmath.sty
Package: amsmath 2021/10/15 v2.17l AMS math features
\@mathmargin=\skip58

For additional information on amsmath, use the `?' option.
(C:\Users\ROG\AppData\Local\Programs\MiKTeX\tex/latex/amsmath\amstext.sty
Package: amstext 2021/08/26 v2.01 AMS text

(C:\Users\ROG\AppData\Local\Programs\MiKTeX\tex/latex/amsmath\amsgen.sty
File: amsgen.sty 1999/11/30 v2.0 generic functions
\@emptytoks=\toks18
\ex@=\dimen139
))
(C:\Users\ROG\AppData\Local\Programs\MiKTeX\tex/latex/amsmath\amsbsy.sty
Package: amsbsy 1999/11/29 v1.2d Bold Symbols
\pmbraise@=\dimen140
)
(C:\Users\ROG\AppData\Local\Programs\MiKTeX\tex/latex/amsmath\amsopn.sty
Package: amsopn 2021/08/26 v2.02 operator names
)
\inf@bad=\count193
LaTeX Info: Redefining \frac on input line 234.
\uproot@=\count194
\leftroot@=\count195
LaTeX Info: Redefining \overline on input line 399.
\classnum@=\count196
\DOTSCASE@=\count197
LaTeX Info: Redefining \ldots on input line 496.
LaTeX Info: Redefining \dots on input line 499.
LaTeX Info: Redefining \cdots on input line 620.
\Mathstrutbox@=\box50
\strutbox@=\box51
\big@size=\dimen141
LaTeX Font Info:    Redeclaring font encoding OML on input line 743.
LaTeX Font Info:    Redeclaring font encoding OMS on input line 744.
\macc@depth=\count198
\c@MaxMatrixCols=\count199
\dotsspace@=\muskip16
\c@parentequation=\count266
\dspbrk@lvl=\count267
\tag@help=\toks19
\row@=\count268
\column@=\count269
\maxfields@=\count270
\andhelp@=\toks20
\eqnshift@=\dimen142
\alignsep@=\dimen143
\tagshift@=\dimen144
\tagwidth@=\dimen145
\totwidth@=\dimen146
\lineht@=\dimen147
\@envbody=\toks21
\multlinegap=\skip59
\multlinetaggap=\skip60
\mathdisplay@stack=\toks22
LaTeX Info: Redefining \[ on input line 2938.
LaTeX Info: Redefining \] on input line 2939.
)
(C:\Users\ROG\AppData\Local\Programs\MiKTeX\tex/latex/amsfonts\amssymb.sty
Package: amssymb 2013/01/14 v3.01 AMS font symbols

(C:\Users\ROG\AppData\Local\Programs\MiKTeX\tex/latex/amsfonts\amsfonts.sty
Package: amsfonts 2013/01/14 v3.01 Basic AMSFonts support
\symAMSa=\mathgroup6
\symAMSb=\mathgroup7
LaTeX Font Info:    Overwriting math alphabet `\mathfrak' in version `bold'
(Font)                  U/euf/m/n --> U/euf/b/n on input line 106.
))
(C:\Users\ROG\AppData\Local\Programs\MiKTeX\tex/latex/setspace\setspace.sty
Package: setspace 2011/12/19 v6.7a set line spacing
)
(C:\Users\ROG\AppData\Local\Programs\MiKTeX\tex/latex/geometry\geometry.sty
Package: geometry 2020/01/02 v5.9 Page Geometry

(C:\Users\ROG\AppData\Local\Programs\MiKTeX\tex/latex/graphics\keyval.sty
Package: keyval 2014/10/28 v1.15 key=value parser (DPC)
\KV@toks@=\toks23
)
(C:\Users\ROG\AppData\Local\Programs\MiKTeX\tex/generic/iftex\ifvtex.sty
Package: ifvtex 2019/10/25 v1.7 ifvtex legacy package. Use iftex instead.

(C:\Users\ROG\AppData\Local\Programs\MiKTeX\tex/generic/iftex\iftex.sty
Package: iftex 2020/03/06 v1.0d TeX engine tests
))
\Gm@cnth=\count271
\Gm@cntv=\count272
\c@Gm@tempcnt=\count273
\Gm@bindingoffset=\dimen148
\Gm@wd@mp=\dimen149
\Gm@odd@mp=\dimen150
\Gm@even@mp=\dimen151
\Gm@layoutwidth=\dimen152
\Gm@layoutheight=\dimen153
\Gm@layouthoffset=\dimen154
\Gm@layoutvoffset=\dimen155
\Gm@dimlist=\toks24

(C:\Users\ROG\AppData\Local\Programs\MiKTeX\tex/latex/geometry\geometry.cfg))
(C:\Users\ROG\AppData\Local\Programs\MiKTeX\tex/latex/graphics\graphicx.sty
Package: graphicx 2021/09/16 v1.2d Enhanced LaTeX Graphics (DPC,SPQR)

(C:\Users\ROG\AppData\Local\Programs\MiKTeX\tex/latex/graphics\graphics.sty
Package: graphics 2021/03/04 v1.4d Standard LaTeX Graphics (DPC,SPQR)

(C:\Users\ROG\AppData\Local\Programs\MiKTeX\tex/latex/graphics\trig.sty
Package: trig 2021/08/11 v1.11 sin cos tan (DPC)
)
(C:\Users\ROG\AppData\Local\Programs\MiKTeX\tex/latex/graphics-cfg\graphics.cfg
File: graphics.cfg 2016/06/04 v1.11 sample graphics configuration
)
Package graphics Info: Driver file: pdftex.def on input line 107.
 (C:\Users\ROG\AppData\Local\Programs\MiKTeX\tex/latex/graphics-def\pdftex.def
File: pdftex.def 2020/10/05 v1.2a Graphics/color driver for pdftex
))
\Gin@req@height=\dimen156
\Gin@req@width=\dimen157
)
(C:\Users\ROG\AppData\Local\Programs\MiKTeX\tex/latex/caption\subcaption.sty
Package: subcaption 2022/01/07 v1.5 Sub-captions (AR)

(C:\Users\ROG\AppData\Local\Programs\MiKTeX\tex/latex/caption\caption.sty
Package: caption 2022/02/20 v3.6 Customizing captions (AR)

(C:\Users\ROG\AppData\Local\Programs\MiKTeX\tex/latex/caption\caption3.sty
Package: caption3 2022/01/07 v2.3 caption3 kernel (AR)
\caption@tempdima=\dimen158
\captionmargin=\dimen159
\caption@leftmargin=\dimen160
\caption@rightmargin=\dimen161
\caption@width=\dimen162
\caption@indent=\dimen163
\caption@parindent=\dimen164
\caption@hangindent=\dimen165
Package caption Info: Standard document class detected.
)
\c@caption@flags=\count274
\c@continuedfloat=\count275
)
\c@subfigure=\count276
\c@subtable=\count277
)
(C:\Users\ROG\AppData\Local\Programs\MiKTeX\tex/latex/framed\framed.sty
Package: framed 2011/10/22 v 0.96: framed or shaded text with page breaks
\OuterFrameSep=\skip61
\fb@frw=\dimen166
\fb@frh=\dimen167
\FrameRule=\dimen168
\FrameSep=\dimen169
)
(C:\Users\ROG\AppData\Local\Programs\MiKTeX\tex/latex/tocloft\tocloft.sty
Package: tocloft 2017/08/31 v2.3i parameterised ToC, etc., typesetting
Package tocloft Info: The document has section divisions on input line 51.
\cftparskip=\skip62
\cftbeforetoctitleskip=\skip63
\cftaftertoctitleskip=\skip64
\cftbeforepartskip=\skip65
\cftpartnumwidth=\skip66
\cftpartindent=\skip67
\cftbeforesecskip=\skip68
\cftsecindent=\skip69
\cftsecnumwidth=\skip70
\cftbeforesubsecskip=\skip71
\cftsubsecindent=\skip72
\cftsubsecnumwidth=\skip73
\cftbeforesubsubsecskip=\skip74
\cftsubsubsecindent=\skip75
\cftsubsubsecnumwidth=\skip76
\cftbeforeparaskip=\skip77
\cftparaindent=\skip78
\cftparanumwidth=\skip79
\cftbeforesubparaskip=\skip80
\cftsubparaindent=\skip81
\cftsubparanumwidth=\skip82
\cftbeforeloftitleskip=\skip83
\cftafterloftitleskip=\skip84
\cftbeforefigskip=\skip85
\cftfigindent=\skip86
\cftfignumwidth=\skip87
\c@lofdepth=\count278
\c@lotdepth=\count279
\cftbeforelottitleskip=\skip88
\cftafterlottitleskip=\skip89
\cftbeforetabskip=\skip90
\cfttabindent=\skip91
\cfttabnumwidth=\skip92
)
(C:\Users\ROG\AppData\Local\Programs\MiKTeX\tex/latex/emptypage\emptypage.sty
Package: emptypage 2010/05/30 v1.2 Suppress page numbers and headings on empty 
pages
)
(C:\Users\ROG\AppData\Local\Programs\MiKTeX\tex/latex/booktabs\booktabs.sty
Package: booktabs 2020/01/12 v1.61803398 Publication quality tables
\heavyrulewidth=\dimen170
\lightrulewidth=\dimen171
\cmidrulewidth=\dimen172
\belowrulesep=\dimen173
\belowbottomsep=\dimen174
\aboverulesep=\dimen175
\abovetopsep=\dimen176
\cmidrulesep=\dimen177
\cmidrulekern=\dimen178
\defaultaddspace=\dimen179
\@cmidla=\count280
\@cmidlb=\count281
\@aboverulesep=\dimen180
\@belowrulesep=\dimen181
\@thisruleclass=\count282
\@lastruleclass=\count283
\@thisrulewidth=\dimen182
)
(C:\Users\ROG\AppData\Local\Programs\MiKTeX\tex/latex/multirow\multirow.sty
Package: multirow 2021/03/15 v2.8 Span multiple rows of a table
\multirow@colwidth=\skip93
\multirow@cntb=\count284
\multirow@dima=\skip94
\bigstrutjot=\dimen183
)
(C:\Users\ROG\AppData\Local\Programs\MiKTeX\tex/latex/multirow\bigstrut.sty
Package: bigstrut 2021/03/15 v2.8 Provide larger struts in tabulars
)
(C:\Users\ROG\AppData\Local\Programs\MiKTeX\tex/latex/colortbl\colortbl.sty
Package: colortbl 2022/06/20 v1.0f Color table columns (DPC)

(C:\Users\ROG\AppData\Local\Programs\MiKTeX\tex/latex/tools\array.sty
Package: array 2021/10/04 v2.5f Tabular extension package (FMi)
\col@sep=\dimen184
\ar@mcellbox=\box52
\extrarowheight=\dimen185
\NC@list=\toks25
\extratabsurround=\skip95
\backup@length=\skip96
\ar@cellbox=\box53
)
(C:\Users\ROG\AppData\Local\Programs\MiKTeX\tex/latex/graphics\color.sty
Package: color 2021/10/11 v1.3b Standard LaTeX Color (DPC)

(C:\Users\ROG\AppData\Local\Programs\MiKTeX\tex/latex/graphics-cfg\color.cfg
File: color.cfg 2016/01/02 v1.6 sample color configuration
)
Package color Info: Driver file: pdftex.def on input line 149.
)
\everycr=\toks26
\minrowclearance=\skip97
\rownum=\count285
) (C:\Users\ROG\AppData\Local\Programs\MiKTeX\tex/latex/tools\enumerate.sty
Package: enumerate 2015/07/23 v3.00 enumerate extensions (DPC)
\@enLab=\toks27
)
(C:\Users\ROG\AppData\Local\Programs\MiKTeX\tex/latex/tools\tabularx.sty
Package: tabularx 2020/01/15 v2.11c `tabularx' package (DPC)
\TX@col@width=\dimen186
\TX@old@table=\dimen187
\TX@old@col=\dimen188
\TX@target=\dimen189
\TX@delta=\dimen190
\TX@cols=\count286
\TX@ftn=\toks28
)
(C:\Users\ROG\AppData\Local\Programs\MiKTeX\tex/latex/tabulary\tabulary.sty
Package: tabulary 2014/06/11 v0.10 tabulary package (DPC)
\TY@count=\count287
\TY@linewidth=\dimen191
\tymin=\dimen192
\tymax=\dimen193
\TY@tablewidth=\dimen194
)
(C:\Users\ROG\AppData\Local\Programs\MiKTeX\tex/latex/microtype\microtype.sty
Package: microtype 2022/03/14 v3.0d Micro-typographical refinements (RS)

(C:\Users\ROG\AppData\Local\Programs\MiKTeX\tex/latex/etoolbox\etoolbox.sty
Package: etoolbox 2020/10/05 v2.5k e-TeX tools for LaTeX (JAW)
\etb@tempcnta=\count288
)
\MT@toks=\toks29
\MT@tempbox=\box54
\MT@count=\count289
LaTeX Info: Redefining \noprotrusionifhmode on input line 1027.
LaTeX Info: Redefining \leftprotrusion on input line 1028.
LaTeX Info: Redefining \rightprotrusion on input line 1036.
LaTeX Info: Redefining \textls on input line 1195.
\MT@outer@kern=\dimen195
LaTeX Info: Redefining \textmicrotypecontext on input line 1781.
\MT@listname@count=\count290

(C:\Users\ROG\AppData\Local\Programs\MiKTeX\tex/latex/microtype\microtype-pdfte
x.def
File: microtype-pdftex.def 2022/03/14 v3.0d Definitions specific to pdftex (RS)

LaTeX Info: Redefining \lsstyle on input line 900.
LaTeX Info: Redefining \lslig on input line 900.
\MT@outer@space=\skip98
)
Package microtype Info: Loading configuration file microtype.cfg.

(C:\Users\ROG\AppData\Local\Programs\MiKTeX\tex/latex/microtype\microtype.cfg
File: microtype.cfg 2022/03/14 v3.0d microtype main configuration file (RS)
))
(C:\Users\ROG\AppData\Local\Programs\MiKTeX\tex/latex/threeparttable\threepartt
able.sty
Package: threeparttable 2003/06/13  v 3.0
\@tempboxb=\box55
)
(C:\Users\ROG\AppData\Local\Programs\MiKTeX\tex/latex/dblfloatfix\dblfloatfix.s
ty
Package: dblfloatfix 2012/12/31 v1.0a (JAW)
 (C:\Users\ROG\AppData\Local\Programs\MiKTeX\tex/latex/base\fixltx2e.sty
Package: fixltx2e 2016/12/29 v2.1a fixes to LaTeX (obsolete)
Applying: [2015/01/01] Old fixltx2e package on input line 46.


Package fixltx2e Warning: fixltx2e is not required with releases after 2015
(fixltx2e)                All fixes are now in the LaTeX kernel.
(fixltx2e)                See the latexrelease package for details.

Already applied: [0000/00/00] Old fixltx2e package on input line 53.
)
\@dblbotnum=\count291
\c@dblbotnumber=\count292
) (C:\Users\ROG\AppData\Local\Programs\MiKTeX\tex/latex/natbib\natbib.sty
Package: natbib 2010/09/13 8.31b (PWD, AO)
\bibhang=\skip99
\bibsep=\skip100
LaTeX Info: Redefining \cite on input line 694.
\c@NAT@ctr=\count293
)
(C:\Users\ROG\AppData\Local\Programs\MiKTeX\tex/latex/titlesec\titlesec.sty
Package: titlesec 2021/07/05 v2.14 Sectioning titles
\ttl@box=\box56
\beforetitleunit=\skip101
\aftertitleunit=\skip102
\ttl@plus=\dimen196
\ttl@minus=\dimen197
\ttl@toksa=\toks30
\titlewidth=\dimen198
\titlewidthlast=\dimen199
\titlewidthfirst=\dimen256
)
(C:\Users\ROG\AppData\Local\Programs\MiKTeX\tex/latex/xcolor\xcolor.sty
Package: xcolor 2021/10/31 v2.13 LaTeX color extensions (UK)

(C:\Users\ROG\AppData\Local\Programs\MiKTeX\tex/latex/graphics-cfg\color.cfg
File: color.cfg 2016/01/02 v1.6 sample color configuration
)
Package xcolor Info: Driver file: pdftex.def on input line 227.
LaTeX Info: Redefining \color on input line 711.
Package xcolor Info: Model `cmy' substituted by `cmy0' on input line 1352.
Package xcolor Info: Model `hsb' substituted by `rgb' on input line 1356.
Package xcolor Info: Model `RGB' extended on input line 1368.
Package xcolor Info: Model `HTML' substituted by `rgb' on input line 1370.
Package xcolor Info: Model `Hsb' substituted by `hsb' on input line 1371.
Package xcolor Info: Model `tHsb' substituted by `hsb' on input line 1372.
Package xcolor Info: Model `HSB' substituted by `hsb' on input line 1373.
Package xcolor Info: Model `Gray' substituted by `gray' on input line 1374.
Package xcolor Info: Model `wave' substituted by `hsb' on input line 1375.
)
(C:\Users\ROG\AppData\Local\Programs\MiKTeX\tex/latex/adjustbox\adjustbox.sty
Package: adjustbox 2020/08/19 v1.3 Adjusting TeX boxes (trim, clip, ...)

(C:\Users\ROG\AppData\Local\Programs\MiKTeX\tex/latex/xkeyval\xkeyval.sty
Package: xkeyval 2020/11/20 v2.8 package option processing (HA)

(C:\Users\ROG\AppData\Local\Programs\MiKTeX\tex/generic/xkeyval\xkeyval.tex
(C:\Users\ROG\AppData\Local\Programs\MiKTeX\tex/generic/xkeyval\xkvutils.tex
\XKV@toks=\toks31
\XKV@tempa@toks=\toks32
)
\XKV@depth=\count294
File: xkeyval.tex 2014/12/03 v2.7a key=value parser (HA)
)) (C:\Users\ROG\AppData\Local\Programs\MiKTeX\tex/latex/adjustbox\adjcalc.sty
Package: adjcalc 2012/05/16 v1.1 Provides advanced setlength with multiple back
-ends (calc, etex, pgfmath)
)
(C:\Users\ROG\AppData\Local\Programs\MiKTeX\tex/latex/adjustbox\trimclip.sty
Package: trimclip 2020/08/19 v1.2 Trim and clip general TeX material

(C:\Users\ROG\AppData\Local\Programs\MiKTeX\tex/latex/collectbox\collectbox.sty
Package: collectbox 2012/05/17 v0.4b Collect macro arguments as boxes
\collectedbox=\box57
)
\tc@llx=\dimen257
\tc@lly=\dimen258
\tc@urx=\dimen259
\tc@ury=\dimen260
Package trimclip Info: Using driver 'tc-pdftex.def'.
 (C:\Users\ROG\AppData\Local\Programs\MiKTeX\tex/latex/adjustbox\tc-pdftex.def
File: tc-pdftex.def 2019/01/04 v2.2 Clipping driver for pdftex
))
\adjbox@Width=\dimen261
\adjbox@Height=\dimen262
\adjbox@Depth=\dimen263
\adjbox@Totalheight=\dimen264
\adjbox@pwidth=\dimen265
\adjbox@pheight=\dimen266
\adjbox@pdepth=\dimen267
\adjbox@ptotalheight=\dimen268

(C:\Users\ROG\AppData\Local\Programs\MiKTeX\tex/latex/ifoddpage\ifoddpage.sty
Package: ifoddpage 2016/04/23 v1.1 Conditionals for odd/even page detection
\c@checkoddpage=\count295
)
(C:\Users\ROG\AppData\Local\Programs\MiKTeX\tex/latex/varwidth\varwidth.sty
Package: varwidth 2009/03/30 ver 0.92;  Variable-width minipages
\@vwid@box=\box58
\sift@deathcycles=\count296
\@vwid@loff=\dimen269
\@vwid@roff=\dimen270
))
(C:\Users\ROG\AppData\Local\Programs\MiKTeX\tex/latex/pgf/frontendlayer\tikz.st
y (C:\Users\ROG\AppData\Local\Programs\MiKTeX\tex/latex/pgf/basiclayer\pgf.sty
(C:\Users\ROG\AppData\Local\Programs\MiKTeX\tex/latex/pgf/utilities\pgfrcs.sty
(C:\Users\ROG\AppData\Local\Programs\MiKTeX\tex/generic/pgf/utilities\pgfutil-c
ommon.tex
\pgfutil@everybye=\toks33
\pgfutil@tempdima=\dimen271
\pgfutil@tempdimb=\dimen272

(C:\Users\ROG\AppData\Local\Programs\MiKTeX\tex/generic/pgf/utilities\pgfutil-c
ommon-lists.tex))
(C:\Users\ROG\AppData\Local\Programs\MiKTeX\tex/generic/pgf/utilities\pgfutil-l
atex.def
\pgfutil@abb=\box59
)
(C:\Users\ROG\AppData\Local\Programs\MiKTeX\tex/generic/pgf/utilities\pgfrcs.co
de.tex
(C:\Users\ROG\AppData\Local\Programs\MiKTeX\tex/generic/pgf\pgf.revision.tex)
Package: pgfrcs 2021/05/15 v3.1.9a (3.1.9a)
))
Package: pgf 2021/05/15 v3.1.9a (3.1.9a)

(C:\Users\ROG\AppData\Local\Programs\MiKTeX\tex/latex/pgf/basiclayer\pgfcore.st
y
(C:\Users\ROG\AppData\Local\Programs\MiKTeX\tex/latex/pgf/systemlayer\pgfsys.st
y
(C:\Users\ROG\AppData\Local\Programs\MiKTeX\tex/generic/pgf/systemlayer\pgfsys.
code.tex
Package: pgfsys 2021/05/15 v3.1.9a (3.1.9a)

(C:\Users\ROG\AppData\Local\Programs\MiKTeX\tex/generic/pgf/utilities\pgfkeys.c
ode.tex
\pgfkeys@pathtoks=\toks34
\pgfkeys@temptoks=\toks35

(C:\Users\ROG\AppData\Local\Programs\MiKTeX\tex/generic/pgf/utilities\pgfkeysfi
ltered.code.tex
\pgfkeys@tmptoks=\toks36
))
\pgf@x=\dimen273
\pgf@y=\dimen274
\pgf@xa=\dimen275
\pgf@ya=\dimen276
\pgf@xb=\dimen277
\pgf@yb=\dimen278
\pgf@xc=\dimen279
\pgf@yc=\dimen280
\pgf@xd=\dimen281
\pgf@yd=\dimen282
\w@pgf@writea=\write3
\r@pgf@reada=\read2
\c@pgf@counta=\count297
\c@pgf@countb=\count298
\c@pgf@countc=\count299
\c@pgf@countd=\count300
\t@pgf@toka=\toks37
\t@pgf@tokb=\toks38
\t@pgf@tokc=\toks39
\pgf@sys@id@count=\count301

(C:\Users\ROG\AppData\Local\Programs\MiKTeX\tex/generic/pgf/systemlayer\pgf.cfg
File: pgf.cfg 2021/05/15 v3.1.9a (3.1.9a)
)
Driver file for pgf: pgfsys-pdftex.def

(C:\Users\ROG\AppData\Local\Programs\MiKTeX\tex/generic/pgf/systemlayer\pgfsys-
pdftex.def
File: pgfsys-pdftex.def 2021/05/15 v3.1.9a (3.1.9a)

(C:\Users\ROG\AppData\Local\Programs\MiKTeX\tex/generic/pgf/systemlayer\pgfsys-
common-pdf.def
File: pgfsys-common-pdf.def 2021/05/15 v3.1.9a (3.1.9a)
)))
(C:\Users\ROG\AppData\Local\Programs\MiKTeX\tex/generic/pgf/systemlayer\pgfsyss
oftpath.code.tex
File: pgfsyssoftpath.code.tex 2021/05/15 v3.1.9a (3.1.9a)
\pgfsyssoftpath@smallbuffer@items=\count302
\pgfsyssoftpath@bigbuffer@items=\count303
)
(C:\Users\ROG\AppData\Local\Programs\MiKTeX\tex/generic/pgf/systemlayer\pgfsysp
rotocol.code.tex
File: pgfsysprotocol.code.tex 2021/05/15 v3.1.9a (3.1.9a)
))
(C:\Users\ROG\AppData\Local\Programs\MiKTeX\tex/generic/pgf/basiclayer\pgfcore.
code.tex
Package: pgfcore 2021/05/15 v3.1.9a (3.1.9a)

(C:\Users\ROG\AppData\Local\Programs\MiKTeX\tex/generic/pgf/math\pgfmath.code.t
ex
(C:\Users\ROG\AppData\Local\Programs\MiKTeX\tex/generic/pgf/math\pgfmathcalc.co
de.tex
(C:\Users\ROG\AppData\Local\Programs\MiKTeX\tex/generic/pgf/math\pgfmathutil.co
de.tex)
(C:\Users\ROG\AppData\Local\Programs\MiKTeX\tex/generic/pgf/math\pgfmathparser.
code.tex
\pgfmath@dimen=\dimen283
\pgfmath@count=\count304
\pgfmath@box=\box60
\pgfmath@toks=\toks40
\pgfmath@stack@operand=\toks41
\pgfmath@stack@operation=\toks42
)
(C:\Users\ROG\AppData\Local\Programs\MiKTeX\tex/generic/pgf/math\pgfmathfunctio
ns.code.tex
(C:\Users\ROG\AppData\Local\Programs\MiKTeX\tex/generic/pgf/math\pgfmathfunctio
ns.basic.code.tex)
(C:\Users\ROG\AppData\Local\Programs\MiKTeX\tex/generic/pgf/math\pgfmathfunctio
ns.trigonometric.code.tex)
(C:\Users\ROG\AppData\Local\Programs\MiKTeX\tex/generic/pgf/math\pgfmathfunctio
ns.random.code.tex)
(C:\Users\ROG\AppData\Local\Programs\MiKTeX\tex/generic/pgf/math\pgfmathfunctio
ns.comparison.code.tex)
(C:\Users\ROG\AppData\Local\Programs\MiKTeX\tex/generic/pgf/math\pgfmathfunctio
ns.base.code.tex)
(C:\Users\ROG\AppData\Local\Programs\MiKTeX\tex/generic/pgf/math\pgfmathfunctio
ns.round.code.tex)
(C:\Users\ROG\AppData\Local\Programs\MiKTeX\tex/generic/pgf/math\pgfmathfunctio
ns.misc.code.tex)
(C:\Users\ROG\AppData\Local\Programs\MiKTeX\tex/generic/pgf/math\pgfmathfunctio
ns.integerarithmetics.code.tex)))
(C:\Users\ROG\AppData\Local\Programs\MiKTeX\tex/generic/pgf/math\pgfmathfloat.c
ode.tex
\c@pgfmathroundto@lastzeros=\count305
))
(C:\Users\ROG\AppData\Local\Programs\MiKTeX\tex/generic/pgf/math\pgfint.code.te
x)
(C:\Users\ROG\AppData\Local\Programs\MiKTeX\tex/generic/pgf/basiclayer\pgfcorep
oints.code.tex
File: pgfcorepoints.code.tex 2021/05/15 v3.1.9a (3.1.9a)
\pgf@picminx=\dimen284
\pgf@picmaxx=\dimen285
\pgf@picminy=\dimen286
\pgf@picmaxy=\dimen287
\pgf@pathminx=\dimen288
\pgf@pathmaxx=\dimen289
\pgf@pathminy=\dimen290
\pgf@pathmaxy=\dimen291
\pgf@xx=\dimen292
\pgf@xy=\dimen293
\pgf@yx=\dimen294
\pgf@yy=\dimen295
\pgf@zx=\dimen296
\pgf@zy=\dimen297
)
(C:\Users\ROG\AppData\Local\Programs\MiKTeX\tex/generic/pgf/basiclayer\pgfcorep
athconstruct.code.tex
File: pgfcorepathconstruct.code.tex 2021/05/15 v3.1.9a (3.1.9a)
\pgf@path@lastx=\dimen298
\pgf@path@lasty=\dimen299
)
(C:\Users\ROG\AppData\Local\Programs\MiKTeX\tex/generic/pgf/basiclayer\pgfcorep
athusage.code.tex
File: pgfcorepathusage.code.tex 2021/05/15 v3.1.9a (3.1.9a)
\pgf@shorten@end@additional=\dimen300
\pgf@shorten@start@additional=\dimen301
)
(C:\Users\ROG\AppData\Local\Programs\MiKTeX\tex/generic/pgf/basiclayer\pgfcores
copes.code.tex
File: pgfcorescopes.code.tex 2021/05/15 v3.1.9a (3.1.9a)
\pgfpic=\box61
\pgf@hbox=\box62
\pgf@layerbox@main=\box63
\pgf@picture@serial@count=\count306
)
(C:\Users\ROG\AppData\Local\Programs\MiKTeX\tex/generic/pgf/basiclayer\pgfcoreg
raphicstate.code.tex
File: pgfcoregraphicstate.code.tex 2021/05/15 v3.1.9a (3.1.9a)
\pgflinewidth=\dimen302
)
(C:\Users\ROG\AppData\Local\Programs\MiKTeX\tex/generic/pgf/basiclayer\pgfcoret
ransformations.code.tex
File: pgfcoretransformations.code.tex 2021/05/15 v3.1.9a (3.1.9a)
\pgf@pt@x=\dimen303
\pgf@pt@y=\dimen304
\pgf@pt@temp=\dimen305
)
(C:\Users\ROG\AppData\Local\Programs\MiKTeX\tex/generic/pgf/basiclayer\pgfcoreq
uick.code.tex
File: pgfcorequick.code.tex 2021/05/15 v3.1.9a (3.1.9a)
)
(C:\Users\ROG\AppData\Local\Programs\MiKTeX\tex/generic/pgf/basiclayer\pgfcoreo
bjects.code.tex
File: pgfcoreobjects.code.tex 2021/05/15 v3.1.9a (3.1.9a)
)
(C:\Users\ROG\AppData\Local\Programs\MiKTeX\tex/generic/pgf/basiclayer\pgfcorep
athprocessing.code.tex
File: pgfcorepathprocessing.code.tex 2021/05/15 v3.1.9a (3.1.9a)
)
(C:\Users\ROG\AppData\Local\Programs\MiKTeX\tex/generic/pgf/basiclayer\pgfcorea
rrows.code.tex
File: pgfcorearrows.code.tex 2021/05/15 v3.1.9a (3.1.9a)
\pgfarrowsep=\dimen306
)
(C:\Users\ROG\AppData\Local\Programs\MiKTeX\tex/generic/pgf/basiclayer\pgfcores
hade.code.tex
File: pgfcoreshade.code.tex 2021/05/15 v3.1.9a (3.1.9a)
\pgf@max=\dimen307
\pgf@sys@shading@range@num=\count307
\pgf@shadingcount=\count308
)
(C:\Users\ROG\AppData\Local\Programs\MiKTeX\tex/generic/pgf/basiclayer\pgfcorei
mage.code.tex
File: pgfcoreimage.code.tex 2021/05/15 v3.1.9a (3.1.9a)

(C:\Users\ROG\AppData\Local\Programs\MiKTeX\tex/generic/pgf/basiclayer\pgfcoree
xternal.code.tex
File: pgfcoreexternal.code.tex 2021/05/15 v3.1.9a (3.1.9a)
\pgfexternal@startupbox=\box64
))
(C:\Users\ROG\AppData\Local\Programs\MiKTeX\tex/generic/pgf/basiclayer\pgfcorel
ayers.code.tex
File: pgfcorelayers.code.tex 2021/05/15 v3.1.9a (3.1.9a)
)
(C:\Users\ROG\AppData\Local\Programs\MiKTeX\tex/generic/pgf/basiclayer\pgfcoret
ransparency.code.tex
File: pgfcoretransparency.code.tex 2021/05/15 v3.1.9a (3.1.9a)
)
(C:\Users\ROG\AppData\Local\Programs\MiKTeX\tex/generic/pgf/basiclayer\pgfcorep
atterns.code.tex
File: pgfcorepatterns.code.tex 2021/05/15 v3.1.9a (3.1.9a)
)
(C:\Users\ROG\AppData\Local\Programs\MiKTeX\tex/generic/pgf/basiclayer\pgfcorer
df.code.tex
File: pgfcorerdf.code.tex 2021/05/15 v3.1.9a (3.1.9a)
)))
(C:\Users\ROG\AppData\Local\Programs\MiKTeX\tex/generic/pgf/modules\pgfmodulesh
apes.code.tex
File: pgfmoduleshapes.code.tex 2021/05/15 v3.1.9a (3.1.9a)
\pgfnodeparttextbox=\box65
)
(C:\Users\ROG\AppData\Local\Programs\MiKTeX\tex/generic/pgf/modules\pgfmodulepl
ot.code.tex
File: pgfmoduleplot.code.tex 2021/05/15 v3.1.9a (3.1.9a)
)
(C:\Users\ROG\AppData\Local\Programs\MiKTeX\tex/latex/pgf/compatibility\pgfcomp
-version-0-65.sty
Package: pgfcomp-version-0-65 2021/05/15 v3.1.9a (3.1.9a)
\pgf@nodesepstart=\dimen308
\pgf@nodesepend=\dimen309
)
(C:\Users\ROG\AppData\Local\Programs\MiKTeX\tex/latex/pgf/compatibility\pgfcomp
-version-1-18.sty
Package: pgfcomp-version-1-18 2021/05/15 v3.1.9a (3.1.9a)
))
(C:\Users\ROG\AppData\Local\Programs\MiKTeX\tex/latex/pgf/utilities\pgffor.sty
(C:\Users\ROG\AppData\Local\Programs\MiKTeX\tex/latex/pgf/utilities\pgfkeys.sty

(C:\Users\ROG\AppData\Local\Programs\MiKTeX\tex/generic/pgf/utilities\pgfkeys.c
ode.tex))
(C:\Users\ROG\AppData\Local\Programs\MiKTeX\tex/latex/pgf/math\pgfmath.sty
(C:\Users\ROG\AppData\Local\Programs\MiKTeX\tex/generic/pgf/math\pgfmath.code.t
ex))
(C:\Users\ROG\AppData\Local\Programs\MiKTeX\tex/generic/pgf/utilities\pgffor.co
de.tex
Package: pgffor 2021/05/15 v3.1.9a (3.1.9a)

(C:\Users\ROG\AppData\Local\Programs\MiKTeX\tex/generic/pgf/math\pgfmath.code.t
ex)
\pgffor@iter=\dimen310
\pgffor@skip=\dimen311
\pgffor@stack=\toks43
\pgffor@toks=\toks44
))
(C:\Users\ROG\AppData\Local\Programs\MiKTeX\tex/generic/pgf/frontendlayer/tikz\
tikz.code.tex
Package: tikz 2021/05/15 v3.1.9a (3.1.9a)

(C:\Users\ROG\AppData\Local\Programs\MiKTeX\tex/generic/pgf/libraries\pgflibrar
yplothandlers.code.tex
File: pgflibraryplothandlers.code.tex 2021/05/15 v3.1.9a (3.1.9a)
\pgf@plot@mark@count=\count309
\pgfplotmarksize=\dimen312
)
\tikz@lastx=\dimen313
\tikz@lasty=\dimen314
\tikz@lastxsaved=\dimen315
\tikz@lastysaved=\dimen316
\tikz@lastmovetox=\dimen317
\tikz@lastmovetoy=\dimen318
\tikzleveldistance=\dimen319
\tikzsiblingdistance=\dimen320
\tikz@figbox=\box66
\tikz@figbox@bg=\box67
\tikz@tempbox=\box68
\tikz@tempbox@bg=\box69
\tikztreelevel=\count310
\tikznumberofchildren=\count311
\tikznumberofcurrentchild=\count312
\tikz@fig@count=\count313

(C:\Users\ROG\AppData\Local\Programs\MiKTeX\tex/generic/pgf/modules\pgfmodulema
trix.code.tex
File: pgfmodulematrix.code.tex 2021/05/15 v3.1.9a (3.1.9a)
\pgfmatrixcurrentrow=\count314
\pgfmatrixcurrentcolumn=\count315
\pgf@matrix@numberofcolumns=\count316
)
\tikz@expandcount=\count317

(C:\Users\ROG\AppData\Local\Programs\MiKTeX\tex/generic/pgf/frontendlayer/tikz/
libraries\tikzlibrarytopaths.code.tex
File: tikzlibrarytopaths.code.tex 2021/05/15 v3.1.9a (3.1.9a)
)))
(C:\Users\ROG\AppData\Local\Programs\MiKTeX\tex/latex/tcolorbox\tcolorbox.sty
Package: tcolorbox 2021/06/14 version 4.51 text color boxes

(C:\Users\ROG\AppData\Local\Programs\MiKTeX\tex/latex/tools\verbatim.sty
Package: verbatim 2020-07-07 v1.5u LaTeX2e package for verbatim enhancements
\every@verbatim=\toks45
\verbatim@line=\toks46
\verbatim@in@stream=\read3
)
(C:\Users\ROG\AppData\Local\Programs\MiKTeX\tex/latex/environ\environ.sty
Package: environ 2014/05/04 v0.3 A new way to define environments

(C:\Users\ROG\AppData\Local\Programs\MiKTeX\tex/latex/trimspaces\trimspaces.sty
Package: trimspaces 2009/09/17 v1.1 Trim spaces around a token list
))
\tcb@titlebox=\box70
\tcb@upperbox=\box71
\tcb@lowerbox=\box72
\tcb@phantombox=\box73
\c@tcbbreakpart=\count318
\c@tcblayer=\count319
\c@tcolorbox@number=\count320
\tcb@temp=\box74
\tcb@temp=\box75
\tcb@temp=\box76
\tcb@temp=\box77

(C:\Users\ROG\AppData\Local\Programs\MiKTeX\tex/latex/tcolorbox\tcbraster.code.
tex
Library (tcolorbox): 'tcbraster.code.tex' version '4.51'
\c@tcbrastercolumn=\count321
\c@tcbrasterrow=\count322
\c@tcbrasternum=\count323
\c@tcbraster=\count324
)
(C:\Users\ROG\AppData\Local\Programs\MiKTeX\tex/latex/tcolorbox\tcbskins.code.t
ex
Library (tcolorbox): 'tcbskins.code.tex' version '4.51'
\tcb@waterbox=\box78

(C:\Users\ROG\AppData\Local\Programs\MiKTeX\tex/latex/tcolorbox\tcbskinsjigsaw.
code.tex
Library (tcolorbox): 'tcbskinsjigsaw.code.tex' version '4.51'
))
(C:\Users\ROG\AppData\Local\Programs\MiKTeX\tex/latex/tcolorbox\tcbbreakable.co
de.tex
Library (tcolorbox): 'tcbbreakable.code.tex' version '4.51'
(C:\Users\ROG\AppData\Local\Programs\MiKTeX\tex/generic/oberdiek\pdfcol.sty
Package: pdfcol 2019/12/29 v1.6 Handle new color stacks for pdfTeX (HO)
)
Package pdfcol Info: New color stack `tcb@breakable' = 1 on input line 23.
\tcb@testbox=\box79
\tcb@totalupperbox=\box80
\tcb@totallowerbox=\box81
)
(C:\Users\ROG\AppData\Local\Programs\MiKTeX\tex/latex/tcolorbox\tcbhooks.code.t
ex
Library (tcolorbox): 'tcbhooks.code.tex' version '4.51'
)
(C:\Users\ROG\AppData\Local\Programs\MiKTeX\tex/latex/tcolorbox\tcbtheorems.cod
e.tex
Library (tcolorbox): 'tcbtheorems.code.tex' version '4.51'
)
(C:\Users\ROG\AppData\Local\Programs\MiKTeX\tex/latex/tcolorbox\tcbfitting.code
.tex
Library (tcolorbox): 'tcbfitting.code.tex' version '4.51'
\tcbfitdim=\dimen321
\tcb@lowerfitdim=\dimen322
\tcb@upperfitdim=\dimen323
\tcb@cur@hbadness=\count325
)
(C:\Users\ROG\AppData\Local\Programs\MiKTeX\tex/latex/tcolorbox\tcbxparse.code.
tex
Library (tcolorbox): 'tcbxparse.code.tex' version '4.51'

(C:\Users\ROG\AppData\Local\Programs\MiKTeX\tex/latex/l3packages/xparse\xparse.
sty (C:\Users\ROG\AppData\Local\Programs\MiKTeX\tex/latex/l3kernel\expl3.sty
Package: expl3 2021-11-22 L3 programming layer (loader) 

(C:\Users\ROG\AppData\Local\Programs\MiKTeX\tex/latex/l3backend\l3backend-pdfte
x.def
File: l3backend-pdftex.def 2021-10-18 L3 backend support: PDF output (pdfTeX)
\l__color_backend_stack_int=\count326
\l__pdf_internal_box=\box82
))
Package: xparse 2021-11-12 L3 Experimental document command parser
))
(C:\Users\ROG\AppData\Local\Programs\MiKTeX\tex/latex/tcolorbox\tcblistingsutf8
.code.tex
Library (tcolorbox): 'tcblistingsutf8.code.tex' version '4.51'

(C:\Users\ROG\AppData\Local\Programs\MiKTeX\tex/latex/tcolorbox\tcblistings.cod
e.tex
Library (tcolorbox): 'tcblistings.code.tex' version '4.51'
(C:\Users\ROG\AppData\Local\Programs\MiKTeX\tex/latex/listings\listings.sty
\lst@mode=\count327
\lst@gtempboxa=\box83
\lst@token=\toks47
\lst@length=\count328
\lst@currlwidth=\dimen324
\lst@column=\count329
\lst@pos=\count330
\lst@lostspace=\dimen325
\lst@width=\dimen326
\lst@newlines=\count331
\lst@lineno=\count332
\lst@maxwidth=\dimen327

(C:\Users\ROG\AppData\Local\Programs\MiKTeX\tex/latex/listings\lstmisc.sty
File: lstmisc.sty 2020/03/24 1.8d (Carsten Heinz)
\c@lstnumber=\count333
\lst@skipnumbers=\count334
\lst@framebox=\box84
)
(C:\Users\ROG\AppData\Local\Programs\MiKTeX\tex/latex/listings\listings.cfg
File: listings.cfg 2020/03/24 1.8d listings configuration
))
Package: listings 2020/03/24 1.8d (Carsten Heinz)

(C:\Users\ROG\AppData\Local\Programs\MiKTeX\tex/latex/tcolorbox\tcblistingscore
.code.tex
Library (tcolorbox): 'tcblistingscore.code.tex' version '4.51'

(C:\Users\ROG\AppData\Local\Programs\MiKTeX\tex/latex/tcolorbox\tcbprocessing.c
ode.tex
Library (tcolorbox): 'tcbprocessing.code.tex' version '4.51'

(C:\Users\ROG\AppData\Local\Programs\MiKTeX\tex/generic/pdftexcmds\pdftexcmds.s
ty
Package: pdftexcmds 2020-06-27 v0.33 Utility functions of pdfTeX for LuaTeX (HO
)
Package pdftexcmds Info: \pdf@primitive is available.
Package pdftexcmds Info: \pdf@ifprimitive is available.
Package pdftexcmds Info: \pdfdraftmode found.
) (C:\Users\ROG\AppData\Local\Programs\MiKTeX\tex/latex/tools\shellesc.sty
Package: shellesc 2019/11/08 v1.0c unified shell escape interface for LaTeX
Package shellesc Info: Restricted shell escape enabled on input line 77.
))
\c@tcblisting=\count335
))
(C:\Users\ROG\AppData\Local\Programs\MiKTeX\tex/latex/listingsutf8\listingsutf8
.sty
Package: listingsutf8 2019-12-10 v1.5 Allow UTF-8 in listings input (HO)

(C:\Users\ROG\AppData\Local\Programs\MiKTeX\tex/generic/stringenc\stringenc.sty
Package: stringenc 2019/11/29 v1.12 Convert strings between diff. encodings (HO
)

(C:\Users\ROG\AppData\Local\Programs\MiKTeX\tex/generic/pdfescape\pdfescape.sty
Package: pdfescape 2019/12/09 v1.15 Implements pdfTeX's escape features (HO)
))))
(C:\Users\ROG\AppData\Local\Programs\MiKTeX\tex/latex/tcolorbox\tcbexternal.cod
e.tex
Library (tcolorbox): 'tcbexternal.code.tex' version '4.51'
)
(C:\Users\ROG\AppData\Local\Programs\MiKTeX\tex/latex/tcolorbox\tcbmagazine.cod
e.tex
Library (tcolorbox): 'tcbmagazine.code.tex' version '4.51'
)
(C:\Users\ROG\AppData\Local\Programs\MiKTeX\tex/latex/tcolorbox\tcbvignette.cod
e.tex
Library (tcolorbox): 'tcbvignette.code.tex' version '4.51'

(C:\Users\ROG\AppData\Local\Programs\MiKTeX\tex/generic/pgf/frontendlayer/tikz/
libraries\tikzlibraryfadings.code.tex
File: tikzlibraryfadings.code.tex 2021/05/15 v3.1.9a (3.1.9a)

(C:\Users\ROG\AppData\Local\Programs\MiKTeX\tex/generic/pgf/libraries\pgflibrar
yfadings.code.tex
File: pgflibraryfadings.code.tex 2021/05/15 v3.1.9a (3.1.9a)
)))
(C:\Users\ROG\AppData\Local\Programs\MiKTeX\tex/latex/tcolorbox\tcbposter.code.
tex
Library (tcolorbox): 'tcbposter.code.tex' version '4.51'
)) (C:\Users\ROG\AppData\Local\Programs\MiKTeX\tex/latex/wrapfig\wrapfig.sty
\wrapoverhang=\dimen328
\WF@size=\dimen329
\c@WF@wrappedlines=\count336
\WF@box=\box85
\WF@everypar=\toks48
Package: wrapfig 2003/01/31  v 3.6
)
(C:\Users\ROG\AppData\Local\Programs\MiKTeX\tex/latex/pgfplots\pgfplots.sty
(C:\Users\ROG\AppData\Local\Programs\MiKTeX\tex/generic/pgfplots\pgfplots.revis
ion.tex)
Package: pgfplots 2021/05/15 v1.18.1 Data Visualization (1.18.1)

(C:\Users\ROG\AppData\Local\Programs\MiKTeX\tex/generic/pgfplots\pgfplots.code.
tex
(C:\Users\ROG\AppData\Local\Programs\MiKTeX\tex/generic/pgfplots\pgfplotscore.c
ode.tex
\t@pgfplots@toka=\toks49
\t@pgfplots@tokb=\toks50
\t@pgfplots@tokc=\toks51
\pgfplots@tmpa=\dimen330
\c@pgfplots@coordindex=\count337
\c@pgfplots@scanlineindex=\count338

(C:\Users\ROG\AppData\Local\Programs\MiKTeX\tex/generic/pgfplots/sys\pgfplotssy
sgeneric.code.tex))
(C:\Users\ROG\AppData\Local\Programs\MiKTeX\tex/generic/pgfplots/libs\pgfplotsl
ibrary.code.tex)
(C:\Users\ROG\AppData\Local\Programs\MiKTeX\tex/generic/pgfplots/oldpgfcompatib
\pgfplotsoldpgfsupp_loader.code.tex
(C:\Users\ROG\AppData\Local\Programs\MiKTeX\tex/generic/pgf/libraries\pgflibrar
yfpu.code.tex))
(C:\Users\ROG\AppData\Local\Programs\MiKTeX\tex/generic/pgfplots/util\pgfplotsu
til.code.tex
(C:\Users\ROG\AppData\Local\Programs\MiKTeX\tex/generic/pgfplots/liststructure\
pgfplotsliststructure.code.tex)
(C:\Users\ROG\AppData\Local\Programs\MiKTeX\tex/generic/pgfplots/liststructure\
pgfplotsliststructureext.code.tex)
(C:\Users\ROG\AppData\Local\Programs\MiKTeX\tex/generic/pgfplots/liststructure\
pgfplotsarray.code.tex
\c@pgfplotsarray@tmp=\count339
)
(C:\Users\ROG\AppData\Local\Programs\MiKTeX\tex/generic/pgfplots/liststructure\
pgfplotsmatrix.code.tex)
(C:\Users\ROG\AppData\Local\Programs\MiKTeX\tex/generic/pgfplots/numtable\pgfpl
otstableshared.code.tex
\c@pgfplotstable@counta=\count340
\t@pgfplotstable@a=\toks52
)
(C:\Users\ROG\AppData\Local\Programs\MiKTeX\tex/generic/pgfplots/liststructure\
pgfplotsdeque.code.tex)
(C:\Users\ROG\AppData\Local\Programs\MiKTeX\tex/generic/pgfplots/util\pgfplotsb
inary.code.tex
(C:\Users\ROG\AppData\Local\Programs\MiKTeX\tex/generic/pgfplots/util\pgfplotsb
inary.data.code.tex))
(C:\Users\ROG\AppData\Local\Programs\MiKTeX\tex/generic/pgfplots/util\pgfplotsu
til.verb.code.tex)
(C:\Users\ROG\AppData\Local\Programs\MiKTeX\tex/generic/pgfplots/libs\pgflibrar
ypgfplots.surfshading.code.tex
\c@pgfplotslibrarysurf@no=\count341

(C:\Users\ROG\AppData\Local\Programs\MiKTeX\tex/generic/pgfplots/sys\pgflibrary
pgfplots.surfshading.pgfsys-pdftex.def)))
(C:\Users\ROG\AppData\Local\Programs\MiKTeX\tex/generic/pgfplots/util\pgfplotsc
olormap.code.tex
(C:\Users\ROG\AppData\Local\Programs\MiKTeX\tex/generic/pgfplots/util\pgfplotsc
olor.code.tex))
(C:\Users\ROG\AppData\Local\Programs\MiKTeX\tex/generic/pgfplots\pgfplotsstacke
dplots.code.tex)
(C:\Users\ROG\AppData\Local\Programs\MiKTeX\tex/generic/pgfplots\pgfplotsplotha
ndlers.code.tex
(C:\Users\ROG\AppData\Local\Programs\MiKTeX\tex/generic/pgfplots\pgfplotsmeshpl
othandler.code.tex
(C:\Users\ROG\AppData\Local\Programs\MiKTeX\tex/generic/pgfplots\pgfplotsmeshpl
otimage.code.tex)))
(C:\Users\ROG\AppData\Local\Programs\MiKTeX\tex/generic/pgfplots\pgfplots.scali
ng.code.tex)
(C:\Users\ROG\AppData\Local\Programs\MiKTeX\tex/generic/pgfplots\pgfplotscoordp
rocessing.code.tex)
(C:\Users\ROG\AppData\Local\Programs\MiKTeX\tex/generic/pgfplots\pgfplots.error
bars.code.tex)
(C:\Users\ROG\AppData\Local\Programs\MiKTeX\tex/generic/pgfplots\pgfplots.marke
rs.code.tex)
(C:\Users\ROG\AppData\Local\Programs\MiKTeX\tex/generic/pgfplots\pgfplotsticks.
code.tex)
(C:\Users\ROG\AppData\Local\Programs\MiKTeX\tex/generic/pgfplots\pgfplots.paths
.code.tex)
(C:\Users\ROG\AppData\Local\Programs\MiKTeX\tex/generic/pgf/frontendlayer/tikz/
libraries\tikzlibrarydecorations.code.tex
(C:\Users\ROG\AppData\Local\Programs\MiKTeX\tex/generic/pgf/modules\pgfmodulede
corations.code.tex
\pgfdecoratedcompleteddistance=\dimen331
\pgfdecoratedremainingdistance=\dimen332
\pgfdecoratedinputsegmentcompleteddistance=\dimen333
\pgfdecoratedinputsegmentremainingdistance=\dimen334
\pgf@decorate@distancetomove=\dimen335
\pgf@decorate@repeatstate=\count342
\pgfdecorationsegmentamplitude=\dimen336
\pgfdecorationsegmentlength=\dimen337
)
\tikz@lib@dec@box=\box86
)
(C:\Users\ROG\AppData\Local\Programs\MiKTeX\tex/generic/pgf/frontendlayer/tikz/
libraries\tikzlibrarydecorations.pathmorphing.code.tex
(C:\Users\ROG\AppData\Local\Programs\MiKTeX\tex/generic/pgf/libraries/decoratio
ns\pgflibrarydecorations.pathmorphing.code.tex))
(C:\Users\ROG\AppData\Local\Programs\MiKTeX\tex/generic/pgf/frontendlayer/tikz/
libraries\tikzlibrarydecorations.pathreplacing.code.tex
(C:\Users\ROG\AppData\Local\Programs\MiKTeX\tex/generic/pgf/libraries/decoratio
ns\pgflibrarydecorations.pathreplacing.code.tex))
(C:\Users\ROG\AppData\Local\Programs\MiKTeX\tex/generic/pgfplots/libs\tikzlibra
rypgfplots.contourlua.code.tex)
\pgfplots@numplots=\count343
\pgfplots@xmin@reg=\dimen338
\pgfplots@xmax@reg=\dimen339
\pgfplots@ymin@reg=\dimen340
\pgfplots@ymax@reg=\dimen341
\pgfplots@zmin@reg=\dimen342
\pgfplots@zmax@reg=\dimen343
)
(C:\Users\ROG\AppData\Local\Programs\MiKTeX\tex/generic/pgf/frontendlayer/tikz/
libraries\tikzlibraryplotmarks.code.tex
File: tikzlibraryplotmarks.code.tex 2021/05/15 v3.1.9a (3.1.9a)

(C:\Users\ROG\AppData\Local\Programs\MiKTeX\tex/generic/pgf/libraries\pgflibrar
yplotmarks.code.tex
File: pgflibraryplotmarks.code.tex 2021/05/15 v3.1.9a (3.1.9a)
)))
(C:\Users\ROG\AppData\Local\Programs\MiKTeX\tex/latex/nomencl\nomencl.sty
Package: nomencl 2021/11/10 v5.6 Nomenclature package

(C:\Users\ROG\AppData\Local\Programs\MiKTeX\tex/latex/base\ifthen.sty
Package: ifthen 2020/11/24 v1.1c Standard LaTeX ifthen package (DPC)
)
(C:\Users\ROG\AppData\Local\Programs\MiKTeX\tex/latex/koma-script\tocbasic.sty
Package: tocbasic 2021/11/13 v3.35 KOMA-Script package (handling toc-files)

(C:\Users\ROG\AppData\Local\Programs\MiKTeX\tex/latex/koma-script\scrbase.sty
Package: scrbase 2021/11/13 v3.35 KOMA-Script package (KOMA-Script-independent 
basics and keyval usage)

(C:\Users\ROG\AppData\Local\Programs\MiKTeX\tex/latex/koma-script\scrlfile.sty
Package: scrlfile 2021/11/13 v3.35 KOMA-Script package (file load hooks)

(C:\Users\ROG\AppData\Local\Programs\MiKTeX\tex/latex/koma-script\scrlfile-hook
.sty
Package: scrlfile-hook 2021/11/13 v3.35 KOMA-Script package (using LaTeX hooks)


(C:\Users\ROG\AppData\Local\Programs\MiKTeX\tex/latex/koma-script\scrlogo.sty
Package: scrlogo 2021/11/13 v3.35 KOMA-Script package (logo)
)))
Applying: [2021/05/01] Usage of raw or classic option list on input line 252.
Already applied: [0000/00/00] Usage of raw or classic option list on input line
 368.
)
\scr@dte@tocline@numberwidth=\skip103
\scr@dte@tocline@numbox=\box87
)
Package tocbasic Info: babel extension for `nlo' omitted
(tocbasic)             because of missing \bbl@set@language on input line 187.
Package tocbasic Info: babel extension for `nls' omitted
(tocbasic)             because of missing \bbl@set@language on input line 188.
\nomlabelwidth=\dimen344
\nom@tempdim=\dimen345
\nomitemsep=\skip104
)
\@nomenclaturefile=\write4
\openout4 = `"IPEB3 Project Report.nlo"'.

Package nomencl Info: Writing nomenclature file "IPEB3 Project Report".nlo on i
nput line 38.

(C:\Users\ROG\AppData\Local\Programs\MiKTeX\tex/latex/tocbibind\tocbibind.sty
Package: tocbibind 2010/10/13 v1.5k extra ToC listings
Package tocbibind Info: The document has section divisions on input line 50.


Package tocbibind Note: Using section or other style headings.

) (C:\Users\ROG\AppData\Local\Programs\MiKTeX\tex/latex/appendix\appendix.sty
Package: appendix 2020/02/08 v1.2c extra appendix facilities
\c@@pps=\count344
\c@@ppsavesec=\count345
\c@@ppsaveapp=\count346
)
(C:\Users\ROG\AppData\Local\Programs\MiKTeX\tex/latex/tools\varioref.sty
Package: varioref 2021/07/07 v1.6f package for extended references (FMi)
\c@vrcnt=\count347
)
(C:\Users\ROG\AppData\Local\Programs\MiKTeX\tex/latex/hyperref\hyperref.sty
Package: hyperref 2021-06-07 v7.00m Hypertext links for LaTeX

(C:\Users\ROG\AppData\Local\Programs\MiKTeX\tex/generic/kvsetkeys\kvsetkeys.sty
Package: kvsetkeys 2019/12/15 v1.18 Key value parser (HO)
)
(C:\Users\ROG\AppData\Local\Programs\MiKTeX\tex/generic/kvdefinekeys\kvdefineke
ys.sty
Package: kvdefinekeys 2019-12-19 v1.6 Define keys (HO)
)
(C:\Users\ROG\AppData\Local\Programs\MiKTeX\tex/latex/hycolor\hycolor.sty
Package: hycolor 2020-01-27 v1.10 Color options for hyperref/bookmark (HO)
)
(C:\Users\ROG\AppData\Local\Programs\MiKTeX\tex/latex/letltxmacro\letltxmacro.s
ty
Package: letltxmacro 2019/12/03 v1.6 Let assignment for LaTeX macros (HO)
) (C:\Users\ROG\AppData\Local\Programs\MiKTeX\tex/latex/auxhook\auxhook.sty
Package: auxhook 2019-12-17 v1.6 Hooks for auxiliary files (HO)
)
(C:\Users\ROG\AppData\Local\Programs\MiKTeX\tex/latex/kvoptions\kvoptions.sty
Package: kvoptions 2020-10-07 v3.14 Key value format for package options (HO)
)
\@linkdim=\dimen346
\Hy@linkcounter=\count348
\Hy@pagecounter=\count349

(C:\Users\ROG\AppData\Local\Programs\MiKTeX\tex/latex/hyperref\pd1enc.def
File: pd1enc.def 2021-06-07 v7.00m Hyperref: PDFDocEncoding definition (HO)
Now handling font encoding PD1 ...
... no UTF-8 mapping file for font encoding PD1
)
(C:\Users\ROG\AppData\Local\Programs\MiKTeX\tex/latex/hyperref\hyperref-langpat
ches.def
File: hyperref-langpatches.def 2021-06-07 v7.00m Hyperref: patches for babel la
nguages
)
(C:\Users\ROG\AppData\Local\Programs\MiKTeX\tex/generic/intcalc\intcalc.sty
Package: intcalc 2019/12/15 v1.3 Expandable calculations with integers (HO)
)
(C:\Users\ROG\AppData\Local\Programs\MiKTeX\tex/generic/etexcmds\etexcmds.sty
Package: etexcmds 2019/12/15 v1.7 Avoid name clashes with e-TeX commands (HO)
)
\Hy@SavedSpaceFactor=\count350

(C:\Users\ROG\AppData\Local\Programs\MiKTeX\tex/latex/hyperref\puenc.def
File: puenc.def 2021-06-07 v7.00m Hyperref: PDF Unicode definition (HO)
Now handling font encoding PU ...
... no UTF-8 mapping file for font encoding PU
)
Package hyperref Info: Hyper figures OFF on input line 4192.
Package hyperref Info: Link nesting OFF on input line 4197.
Package hyperref Info: Hyper index ON on input line 4200.
Package hyperref Info: Plain pages OFF on input line 4207.
Package hyperref Info: Backreferencing OFF on input line 4212.
Package hyperref Info: Implicit mode ON; LaTeX internals redefined.
Package hyperref Info: Bookmarks ON on input line 4445.
\c@Hy@tempcnt=\count351

(C:\Users\ROG\AppData\Local\Programs\MiKTeX\tex/latex/url\url.sty
\Urlmuskip=\muskip17
Package: url 2013/09/16  ver 3.4  Verb mode for urls, etc.
)
LaTeX Info: Redefining \url on input line 4804.
\XeTeXLinkMargin=\dimen347

(C:\Users\ROG\AppData\Local\Programs\MiKTeX\tex/generic/bitset\bitset.sty
Package: bitset 2019/12/09 v1.3 Handle bit-vector datatype (HO)

(C:\Users\ROG\AppData\Local\Programs\MiKTeX\tex/generic/bigintcalc\bigintcalc.s
ty
Package: bigintcalc 2019/12/15 v1.5 Expandable calculations on big integers (HO
)
))
\Fld@menulength=\count352
\Field@Width=\dimen348
\Fld@charsize=\dimen349
Package hyperref Info: Hyper figures OFF on input line 6076.
Package hyperref Info: Link nesting OFF on input line 6081.
Package hyperref Info: Hyper index ON on input line 6084.
Package hyperref Info: backreferencing OFF on input line 6091.
Package hyperref Info: Link coloring OFF on input line 6096.
Package hyperref Info: Link coloring with OCG OFF on input line 6101.
Package hyperref Info: PDF/A mode OFF on input line 6106.
LaTeX Info: Redefining \ref on input line 6146.
LaTeX Info: Redefining \pageref on input line 6150.

(C:\Users\ROG\AppData\Local\Programs\MiKTeX\tex/latex/base\atbegshi-ltx.sty
Package: atbegshi-ltx 2021/01/10 v1.0c Emulation of the original atbegshi
package with kernel methods
)
\Hy@abspage=\count353
\c@Item=\count354
\c@Hfootnote=\count355
)
Package hyperref Info: Driver (autodetected): hpdftex.

(C:\Users\ROG\AppData\Local\Programs\MiKTeX\tex/latex/hyperref\hpdftex.def
File: hpdftex.def 2021-06-07 v7.00m Hyperref driver for pdfTeX

(C:\Users\ROG\AppData\Local\Programs\MiKTeX\tex/latex/base\atveryend-ltx.sty
Package: atveryend-ltx 2020/08/19 v1.0a Emulation of the original atveryend pac
kage
with kernel methods
)
\Fld@listcount=\count356
\c@bookmark@seq@number=\count357

(C:\Users\ROG\AppData\Local\Programs\MiKTeX\tex/latex/rerunfilecheck\rerunfilec
heck.sty
Package: rerunfilecheck 2019/12/05 v1.9 Rerun checks for auxiliary files (HO)

(C:\Users\ROG\AppData\Local\Programs\MiKTeX\tex/generic/uniquecounter\uniquecou
nter.sty
Package: uniquecounter 2019/12/15 v1.4 Provide unlimited unique counter (HO)
)
Package uniquecounter Info: New unique counter `rerunfilecheck' on input line 2
86.
)
\Hy@SectionHShift=\skip105
)
(C:\Users\ROG\AppData\Local\Programs\MiKTeX\tex/latex/cleveref\cleveref.sty
Package: cleveref 2018/03/27 v0.21.4 Intelligent cross-referencing
Package cleveref Info: `hyperref' support loaded on input line 2370.
LaTeX Info: Redefining \cref on input line 2370.
LaTeX Info: Redefining \Cref on input line 2370.
LaTeX Info: Redefining \crefrange on input line 2370.
LaTeX Info: Redefining \Crefrange on input line 2370.
LaTeX Info: Redefining \cpageref on input line 2370.
LaTeX Info: Redefining \Cpageref on input line 2370.
LaTeX Info: Redefining \cpagerefrange on input line 2370.
LaTeX Info: Redefining \Cpagerefrange on input line 2370.
LaTeX Info: Redefining \labelcref on input line 2370.
LaTeX Info: Redefining \labelcpageref on input line 2370.
Package cleveref Info: `varioref' support loaded on input line 2605.
Package cleveref Info: `cleveref' supersedes `varioref's \labelformatcommand on
 input line 2605.
LaTeX Info: Redefining \vref on input line 2605.
LaTeX Info: Redefining \Vref on input line 2605.
LaTeX Info: Redefining \vrefrange on input line 2605.
LaTeX Info: Redefining \fullref on input line 2605.
Package cleveref Info: `listings' support loaded on input line 3131.
Package cleveref Info: no abbreviation of names on input line 7852.
)
(C:\Users\ROG\AppData\Local\Programs\MiKTeX\tex/latex/algorithms\algorithm.sty
Package: algorithm 2009/08/24 v0.1 Document Style `algorithm' - floating enviro
nment

(C:\Users\ROG\AppData\Local\Programs\MiKTeX\tex/latex/float\float.sty
Package: float 2001/11/08 v1.3d Float enhancements (AL)
\c@float@type=\count358
\float@exts=\toks53
\float@box=\box88
\@float@everytoks=\toks54
\@floatcapt=\box89
)
\@float@every@algorithm=\toks55
\c@algorithm=\count359
)
(C:\Users\ROG\AppData\Local\Programs\MiKTeX\tex/latex/algorithmicx\algpseudocod
e.sty
Package: algpseudocode 

(C:\Users\ROG\AppData\Local\Programs\MiKTeX\tex/latex/algorithmicx\algorithmicx
.sty
Package: algorithmicx 2005/04/27 v1.2 Algorithmicx

Document Style algorithmicx 1.2 - a greatly improved `algorithmic' style
\c@ALG@line=\count360
\c@ALG@rem=\count361
\c@ALG@nested=\count362
\ALG@tlm=\skip106
\ALG@thistlm=\skip107
\c@ALG@Lnr=\count363
\c@ALG@blocknr=\count364
\c@ALG@storecount=\count365
\c@ALG@tmpcounter=\count366
\ALG@tmplength=\skip108
)
Document Style - pseudocode environments for use with the `algorithmicx' style
) (C:\Users\ROG\AppData\Local\Programs\MiKTeX\tex/latex/listings\lstlang1.sty
File: lstlang1.sty 2020/03/24 1.8d listings language file
))
LaTeX Font Info:    Trying to load font information for T1+ptm on input line 11
.
(C:\Users\ROG\AppData\Local\Programs\MiKTeX\tex/latex/psnfss\t1ptm.fd
File: t1ptm.fd 2001/06/04 font definitions for T1/ptm.
)

LaTeX Warning: Unused global option(s):
    [parskip].

(IPEB3 Project Report.aux (Preliminary-pages/proposaltitle.aux)
(Preliminary-pages/declaration.aux) (Preliminary-pages/abstract.aux)
(Main-pages/chapter1.aux) (Main-pages/app1.aux))
\openout1 = `"IPEB3 Project Report.aux"'.

LaTeX Font Info:    Checking defaults for OML/cmm/m/it on input line 11.
LaTeX Font Info:    ... okay on input line 11.
LaTeX Font Info:    Checking defaults for OMS/cmsy/m/n on input line 11.
LaTeX Font Info:    ... okay on input line 11.
LaTeX Font Info:    Checking defaults for OT1/cmr/m/n on input line 11.
LaTeX Font Info:    ... okay on input line 11.
LaTeX Font Info:    Checking defaults for T1/cmr/m/n on input line 11.
LaTeX Font Info:    ... okay on input line 11.
LaTeX Font Info:    Checking defaults for TS1/cmr/m/n on input line 11.
LaTeX Font Info:    ... okay on input line 11.
LaTeX Font Info:    Checking defaults for OMX/cmex/m/n on input line 11.
LaTeX Font Info:    ... okay on input line 11.
LaTeX Font Info:    Checking defaults for U/cmr/m/n on input line 11.
LaTeX Font Info:    ... okay on input line 11.
LaTeX Font Info:    Checking defaults for PD1/pdf/m/n on input line 11.
LaTeX Font Info:    ... okay on input line 11.
LaTeX Font Info:    Checking defaults for PU/pdf/m/n on input line 11.
LaTeX Font Info:    ... okay on input line 11.
Package lastpage Info: Please have a look at the pageslts package at
(lastpage)             https://www.ctan.org/pkg/pageslts
(lastpage)             ! on input line 11.

*geometry* driver: auto-detecting
*geometry* detected driver: pdftex
*geometry* verbose mode - [ preamble ] result:
* driver: pdftex
* paper: <default>
* layout: <same size as paper>
* layoutoffset:(h,v)=(0.0pt,0.0pt)
* modes: 
* h-part:(L,W,R)=(73.97733pt, 466.34035pt, 73.97733pt)
* v-part:(T,H,B)=(56.9055pt, 664.08716pt, 73.97733pt)
* \paperwidth=614.295pt
* \paperheight=794.96999pt
* \textwidth=466.34035pt
* \textheight=664.08716pt
* \oddsidemargin=1.70734pt
* \evensidemargin=1.70734pt
* \topmargin=-52.36449pt
* \headheight=12.0pt
* \headsep=25.0pt
* \topskip=12.0pt
* \footskip=30.0pt
* \marginparwidth=44.0pt
* \marginparsep=10.0pt
* \columnsep=10.0pt
* \skip\footins=10.8pt plus 4.0pt minus 2.0pt
* \hoffset=0.0pt
* \voffset=0.0pt
* \mag=1000
* \@twocolumnfalse
* \@twosidefalse
* \@mparswitchfalse
* \@reversemarginfalse
* (1in=72.27pt=25.4mm, 1cm=28.453pt)


(C:\Users\ROG\AppData\Local\Programs\MiKTeX\tex/context/base/mkii\supp-pdf.mkii
[Loading MPS to PDF converter (version 2006.09.02).]
\scratchcounter=\count367
\scratchdimen=\dimen350
\scratchbox=\box90
\nofMPsegments=\count368
\nofMParguments=\count369
\everyMPshowfont=\toks56
\MPscratchCnt=\count370
\MPscratchDim=\dimen351
\MPnumerator=\count371
\makeMPintoPDFobject=\count372
\everyMPtoPDFconversion=\toks57
)
(C:\Users\ROG\AppData\Local\Programs\MiKTeX\tex/latex/epstopdf-pkg\epstopdf-bas
e.sty
Package: epstopdf-base 2020-01-24 v2.11 Base part for package epstopdf
Package epstopdf-base Info: Redefining graphics rule for `.eps' on input line 4
85.

(C:\Users\ROG\AppData\Local\Programs\MiKTeX\tex/latex/00miktex\epstopdf-sys.cfg
File: epstopdf-sys.cfg 2021/03/18 v2.0 Configuration of epstopdf for MiKTeX
))
Package caption Info: Begin \AtBeginDocument code.
Package caption Info: float package is loaded.
Package caption Info: hyperref package is loaded.
Package caption Info: listings package is loaded.
Package caption Info: threeparttable package is loaded.
Package caption Info: wrapfig package is loaded.
Package caption Info: End \AtBeginDocument code.
LaTeX Info: Redefining \microtypecontext on input line 11.
Package microtype Info: Applying patch `item' on input line 11.
Package microtype Info: Applying patch `toc' on input line 11.
Package microtype Info: Applying patch `eqnum' on input line 11.
Package microtype Info: Applying patch `footnote' on input line 11.
Package microtype Info: Generating PDF output.
Package microtype Info: Character protrusion enabled (level 2).
Package microtype Info: Using default protrusion set `alltext'.
Package microtype Info: Automatic font expansion enabled (level 2),
(microtype)             stretch: 20, shrink: 20, step: 1, non-selected.
Package microtype Info: Using default expansion set `alltext-nott'.
LaTeX Info: Redefining \showhyphens on input line 11.
Package microtype Info: No adjustment of tracking.
Package microtype Info: No adjustment of interword spacing.
Package microtype Info: No adjustment of character kerning.
 (C:\Users\ROG\AppData\Local\Programs\MiKTeX\tex/latex/microtype\mt-ptm.cfg
File: mt-ptm.cfg 2006/04/20 v1.7 microtype config. file: Times (RS)
)
\c@lstlisting=\count373

Package pgfplots notification 'compat/show suggested version=true': document ha
s been generated with the most recent feature set (\pgfplotsset{compat=1.18}).

Package tocbasic Info: usage of `tocbibind' detected on input line 11.
Package hyperref Info: Link coloring OFF on input line 11.
(C:\Users\ROG\AppData\Local\Programs\MiKTeX\tex/latex/hyperref\nameref.sty
Package: nameref 2021-04-02 v2.47 Cross-referencing by name of section

(C:\Users\ROG\AppData\Local\Programs\MiKTeX\tex/generic/gettitlestring\gettitle
string.sty
Package: gettitlestring 2019/12/15 v1.6 Cleanup title references (HO)
)
\c@section@level=\count374
LaTeX Info: Redefining \Ref on input line 520.
)
LaTeX Info: Redefining \ref on input line 11.
LaTeX Info: Redefining \pageref on input line 11.
LaTeX Info: Redefining \nameref on input line 11.
 (IPEB3 Project Report.out) (IPEB3 Project Report.out)
\@outlinefile=\write5
\openout5 = `"IPEB3 Project Report.out"'.

LaTeX Info: Redefining \Ref on input line 11.
\openout2 = `Preliminary-pages/proposaltitle.aux'.


(Preliminary-pages/proposaltitle.tex
*geometry* verbose mode - [ newgeometry ] result:
* driver: pdftex
* paper: <default>
* layout: <same size as paper>
* layoutoffset:(h,v)=(0.0pt,0.0pt)
* modes: 
* h-part:(L,W,R)=(85.35826pt, 443.57848pt, 85.35826pt)
* v-part:(T,H,B)=(85.35826pt, 624.25346pt, 85.35826pt)
* \paperwidth=614.295pt
* \paperheight=794.96999pt
* \textwidth=443.57848pt
* \textheight=624.25346pt
* \oddsidemargin=13.08827pt
* \evensidemargin=13.08827pt
* \topmargin=-23.91173pt
* \headheight=12.0pt
* \headsep=25.0pt
* \topskip=12.0pt
* \footskip=30.0pt
* \marginparwidth=44.0pt
* \marginparsep=10.0pt
* \columnsep=10.0pt
* \skip\footins=10.8pt plus 4.0pt minus 2.0pt
* \hoffset=0.0pt
* \voffset=0.0pt
* \mag=1000
* \@twocolumnfalse
* \@twosidefalse
* \@mparswitchfalse
* \@reversemarginfalse
* (1in=72.27pt=25.4mm, 1cm=28.453pt)

<Graphics//Project Logo.JPG, id=225, 485.56406pt x 81.30376pt>
File: Graphics//Project Logo.JPG Graphic file (type jpg)
<use Graphics//Project Logo.JPG>
Package pdftex.def Info: Graphics//Project Logo.JPG  used on input line 7.
(pdftex.def)             Requested size: 443.57848pt x 74.27309pt.
LaTeX Font Info:    Trying to load font information for OT1+ztmcm on input line
 20.

(C:\Users\ROG\AppData\Local\Programs\MiKTeX\tex/latex/psnfss\ot1ztmcm.fd
File: ot1ztmcm.fd 2000/01/03 Fontinst v1.801 font definitions for OT1/ztmcm.
)
Package microtype Info: Loading generic protrusion settings for font family
(microtype)             `ztmcm' (encoding: OT1).
(microtype)             For optimal results, create family-specific settings.
(microtype)             See the microtype manual for details.
LaTeX Font Info:    Trying to load font information for OML+ztmcm on input line
 20.

(C:\Users\ROG\AppData\Local\Programs\MiKTeX\tex/latex/psnfss\omlztmcm.fd
File: omlztmcm.fd 2000/01/03 Fontinst v1.801 font definitions for OML/ztmcm.
)
LaTeX Font Info:    Trying to load font information for OMS+ztmcm on input line
 20.

(C:\Users\ROG\AppData\Local\Programs\MiKTeX\tex/latex/psnfss\omsztmcm.fd
File: omsztmcm.fd 2000/01/03 Fontinst v1.801 font definitions for OMS/ztmcm.
)
LaTeX Font Info:    Trying to load font information for OMX+ztmcm on input line
 20.

(C:\Users\ROG\AppData\Local\Programs\MiKTeX\tex/latex/psnfss\omxztmcm.fd
File: omxztmcm.fd 2000/01/03 Fontinst v1.801 font definitions for OMX/ztmcm.
)
LaTeX Font Info:    Trying to load font information for OT1+ptm on input line 2
0.

(C:\Users\ROG\AppData\Local\Programs\MiKTeX\tex/latex/psnfss\ot1ptm.fd
File: ot1ptm.fd 2001/06/04 font definitions for OT1/ptm.
)
LaTeX Font Info:    Font shape `OT1/ptm/bx/n' in size <14.4> not available
(Font)              Font shape `OT1/ptm/b/n' tried instead on input line 20.
LaTeX Font Info:    Font shape `OT1/ptm/bx/n' in size <10.95> not available
(Font)              Font shape `OT1/ptm/b/n' tried instead on input line 20.
LaTeX Font Info:    Font shape `OT1/ptm/bx/n' in size <8> not available
(Font)              Font shape `OT1/ptm/b/n' tried instead on input line 20.

(C:\Users\ROG\AppData\Local\Programs\MiKTeX\tex/latex/microtype\mt-msa.cfg
File: mt-msa.cfg 2006/02/04 v1.1 microtype config. file: AMS symbols (a) (RS)
)
(C:\Users\ROG\AppData\Local\Programs\MiKTeX\tex/latex/microtype\mt-msb.cfg
File: mt-msb.cfg 2005/06/01 v1.0 microtype config. file: AMS symbols (b) (RS)
)
<Graphics/bottomLogo.jpg, id=226, 718.18312pt x 33.87656pt>
File: Graphics/bottomLogo.jpg Graphic file (type jpg)
<use Graphics/bottomLogo.jpg>
Package pdftex.def Info: Graphics/bottomLogo.jpg  used on input line 32.
(pdftex.def)             Requested size: 443.57848pt x 20.92415pt.

[1



{C:/Users/ROG/AppData/Local/MiKTeX/fonts/map/pdftex/pdftex.map} <./Graphics//Pr
oject Logo.JPG> <./Graphics/bottomLogo.jpg>])
\openout2 = `Preliminary-pages/declaration.aux'.


(Preliminary-pages/declaration.tex
LaTeX Font Info:    Font shape `OT1/ptm/bx/n' in size <12> not available
(Font)              Font shape `OT1/ptm/b/n' tried instead on input line 7.
LaTeX Font Info:    Font shape `OT1/ptm/bx/n' in size <9> not available
(Font)              Font shape `OT1/ptm/b/n' tried instead on input line 7.
LaTeX Font Info:    Font shape `OT1/ptm/bx/n' in size <7> not available
(Font)              Font shape `OT1/ptm/b/n' tried instead on input line 7.
LaTeX Font Info:    Font shape `OT1/ptm/bx/n' in size <10> not available
(Font)              Font shape `OT1/ptm/b/n' tried instead on input line 7.
LaTeX Font Info:    Font shape `OT1/ptm/bx/n' in size <7.4> not available
(Font)              Font shape `OT1/ptm/b/n' tried instead on input line 7.
LaTeX Font Info:    Font shape `OT1/ptm/bx/n' in size <6> not available
(Font)              Font shape `OT1/ptm/b/n' tried instead on input line 7.

Underfull \hbox (badness 10000) in paragraph at lines 7--7
[][][]\T1/ptm/m/n/10 (+20) https://www.reutlingen-university.de/fileadmin/user_
upload/2022_05_23_StuPro_AllgemTeil_WiSe_22-
 []


Underfull \hbox (badness 10000) in paragraph at lines 5--8

 []


Underfull \hbox (badness 10000) in paragraph at lines 9--10

 []


Underfull \hbox (badness 10000) in paragraph at lines 9--10

 []


Underfull \hbox (badness 10000) in paragraph at lines 11--12

 []

<Graphics//signature2.PNG, id=237, 204.765pt x 94.85437pt>
File: Graphics//signature2.PNG Graphic file (type png)
<use Graphics//signature2.PNG>
Package pdftex.def Info: Graphics//signature2.PNG  used on input line 29.
(pdftex.def)             Requested size: 46.63687pt x 21.60327pt.
<Graphics//signature3.PNG, id=239, 154.32657pt x 123.46124pt>
File: Graphics//signature3.PNG Graphic file (type png)
<use Graphics//signature3.PNG>
Package pdftex.def Info: Graphics//signature3.PNG  used on input line 29.
(pdftex.def)             Requested size: 46.63687pt x 37.30992pt.
<Graphics//signature1.PNG, id=240, 218.31563pt x 121.20282pt>
File: Graphics//signature1.PNG Graphic file (type png)
<use Graphics//signature1.PNG>
Package pdftex.def Info: Graphics//signature1.PNG  used on input line 29.
(pdftex.def)             Requested size: 46.63687pt x 25.89165pt.

Package tabulary Warning: No suitable columns! on input line 29.

File: Graphics//signature2.PNG Graphic file (type png)
<use Graphics//signature2.PNG>
Package pdftex.def Info: Graphics//signature2.PNG  used on input line 29.
(pdftex.def)             Requested size: 46.63687pt x 21.60327pt.
File: Graphics//signature3.PNG Graphic file (type png)
<use Graphics//signature3.PNG>
Package pdftex.def Info: Graphics//signature3.PNG  used on input line 29.
(pdftex.def)             Requested size: 46.63687pt x 37.30992pt.
File: Graphics//signature1.PNG Graphic file (type png)
<use Graphics//signature1.PNG>
Package pdftex.def Info: Graphics//signature1.PNG  used on input line 29.
(pdftex.def)             Requested size: 46.63687pt x 25.89165pt.

Overfull \hbox (23.35332pt too wide) in paragraph at lines 29--30
[][] 
 []

)
pdfTeX warning (ext4): destination with the same identifier (name{page.i}) has 
been already used, duplicate ignored
<to be read again> 
                   \relax 
l.24 \include{Preliminary-pages/declaration}
                                             [1




 <./Graphics//signature2.PNG> <./Graphics//signature3.PNG> <./Graphics//signatu
re1.PNG>]
\openout2 = `Preliminary-pages/abstract.aux'.


(Preliminary-pages/abstract.tex
<Graphics/2oppositeViews.png, id=249, 859.71187pt x 337.26pt>
File: Graphics/2oppositeViews.png Graphic file (type png)
<use Graphics/2oppositeViews.png>
Package pdftex.def Info: Graphics/2oppositeViews.png  used on input line 15.
(pdftex.def)             Requested size: 466.34035pt x 182.94621pt.
) [2



 <./Graphics/2oppositeViews.png>]
(IPEB3 Project Report.toc [3


])
\tf@toc=\write6
\openout6 = `"IPEB3 Project Report.toc"'.

 (IPEB3 Project Report.lof)
\tf@lof=\write7
\openout7 = `"IPEB3 Project Report.lof"'.


(IPEB3 Project Report.lot)
\tf@lot=\write8
\openout8 = `"IPEB3 Project Report.lot"'.

 [4]
No file "IPEB3 Project Report".nls.
\openout2 = `Main-pages/chapter1.aux'.

(Main-pages/chapter1.tex
Underfull \hbox (badness 10000) in paragraph at lines 5--6

 []


Underfull \hbox (badness 10000) in paragraph at lines 9--11

 []


Underfull \hbox (badness 10000) in paragraph at lines 12--13

 []

<Graphics/acre.png, id=372, 654.19406pt x 490.08093pt>
File: Graphics/acre.png Graphic file (type png)
<use Graphics/acre.png>
Package pdftex.def Info: Graphics/acre.png  used on input line 16.
(pdftex.def)             Requested size: 373.0737pt x 279.48364pt.
<Graphics/LabelledFruta.png, id=378, 738.50906pt x 524.71031pt>
File: Graphics/LabelledFruta.png Graphic file (type png)
<use Graphics/LabelledFruta.png>
Package pdftex.def Info: Graphics/LabelledFruta.png  used on input line 29.
(pdftex.def)             Requested size: 373.0737pt x 265.06868pt.
[1


]
<Graphics/ObjectDetection.png, id=389, 459.21562pt x 349.305pt>
File: Graphics/ObjectDetection.png Graphic file (type png)
<use Graphics/ObjectDetection.png>
Package pdftex.def Info: Graphics/ObjectDetection.png  used on input line 61.
(pdftex.def)             Requested size: 373.0737pt x 283.79361pt.
 [2 <./Graphics/acre.png>]
<Graphics/OpenedGripper.png, id=400, 356.83313pt x 388.45125pt>
File: Graphics/OpenedGripper.png Graphic file (type png)
<use Graphics/OpenedGripper.png>
Package pdftex.def Info: Graphics/OpenedGripper.png  used on input line 91.
(pdftex.def)             Requested size: 209.85173pt x 228.44333pt.
<Graphics/ClosedGripper.png, id=401, 338.01282pt x 380.92313pt>
File: Graphics/ClosedGripper.png Graphic file (type png)
<use Graphics/ClosedGripper.png>
Package pdftex.def Info: Graphics/ClosedGripper.png  used on input line 98.
(pdftex.def)             Requested size: 209.85173pt x 236.49538pt.
 [3 <./Graphics/LabelledFruta.png>] [4 <./Graphics/ObjectDetection.png>]
<Graphics/DriveBase.png, id=420, 469.755pt x 314.67563pt>
File: Graphics/DriveBase.png Graphic file (type png)
<use Graphics/DriveBase.png>
Package pdftex.def Info: Graphics/DriveBase.png  used on input line 132.
(pdftex.def)             Requested size: 466.34035pt x 312.3893pt.
 [5 <./Graphics/OpenedGripper.png> <./Graphics/ClosedGripper.png>]
<Graphics/turning90left.png, id=440, 550.30594pt x 396.7322pt>
File: Graphics/turning90left.png Graphic file (type png)
<use Graphics/turning90left.png>
Package pdftex.def Info: Graphics/turning90left.png  used on input line 166.
(pdftex.def)             Requested size: 209.85173pt x 151.28645pt.
<Graphics/turning90right.png, id=441, 553.31718pt x 392.96812pt>
File: Graphics/turning90right.png Graphic file (type png)
<use Graphics/turning90right.png>
Package pdftex.def Info: Graphics/turning90right.png  used on input line 173.
(pdftex.def)             Requested size: 209.85173pt x 149.03561pt.

Underfull \hbox (badness 10000) in paragraph at lines 158--181

 []

[6 <./Graphics/DriveBase.png>]
<Graphics/objectDetected.png, id=448, 554.07pt x 380.17032pt>
File: Graphics/objectDetected.png Graphic file (type png)
<use Graphics/objectDetected.png>
Package pdftex.def Info: Graphics/objectDetected.png  used on input line 186.
(pdftex.def)             Requested size: 209.85173pt x 143.98474pt.
<Graphics/objectApproached.png, id=449, 541.27219pt x 377.91188pt>
File: Graphics/objectApproached.png Graphic file (type png)
<use Graphics/objectApproached.png>
Package pdftex.def Info: Graphics/objectApproached.png  used on input line 193.

(pdftex.def)             Requested size: 209.85173pt x 146.5143pt.
<Graphics/objectPushed.png, id=450, 542.77782pt x 366.61969pt>
File: Graphics/objectPushed.png Graphic file (type png)
<use Graphics/objectPushed.png>
Package pdftex.def Info: Graphics/objectPushed.png  used on input line 206.
(pdftex.def)             Requested size: 209.85173pt x 141.74478pt.
<Graphics/objectDelivered.png, id=451, 542.025pt x 367.3725pt>
File: Graphics/objectDelivered.png Graphic file (type png)
<use Graphics/objectDelivered.png>
Package pdftex.def Info: Graphics/objectDelivered.png  used on input line 213.
(pdftex.def)             Requested size: 209.85173pt x 142.23204pt.
 [7 <./Graphics/turning90left.png> <./Graphics/turning90right.png> <./Graphics/
objectDetected.png> <./Graphics/objectApproached.png> <./Graphics/objectPushed.
png> <./Graphics/objectDelivered.png>]
<Graphics/mainCodeActivityDiagram3.png, id=464, 722.7pt x 445.665pt>
File: Graphics/mainCodeActivityDiagram3.png Graphic file (type png)
<use Graphics/mainCodeActivityDiagram3.png>
Package pdftex.def Info: Graphics/mainCodeActivityDiagram3.png  used on input l
ine 229.
(pdftex.def)             Requested size: 466.34035pt x 287.57753pt.
Package hyperref Info: bookmark level for unknown algorithm defaults to 0 on in
put line 237.
 [8 <./Graphics/mainCodeActivityDiagram3.png>]
<Graphics/menuCodeActivityDiagram.png, id=476, 543.53062pt x 243.15843pt>
File: Graphics/menuCodeActivityDiagram.png Graphic file (type png)
<use Graphics/menuCodeActivityDiagram.png>
Package pdftex.def Info: Graphics/menuCodeActivityDiagram.png  used on input li
ne 259.
(pdftex.def)             Requested size: 466.34035pt x 208.63354pt.
 [9 <./Graphics/menuCodeActivityDiagram.png>]
<Graphics/acreToML.png, id=489, 540.51938pt x 368.1253pt>
File: Graphics/acreToML.png Graphic file (type png)
<use Graphics/acreToML.png>
Package pdftex.def Info: Graphics/acreToML.png  used on input line 298.
(pdftex.def)             Requested size: 209.85173pt x 142.9167pt.
<Graphics/acreToHZ.png, id=490, 542.025pt x 369.63094pt>
File: Graphics/acreToHZ.png Graphic file (type png)
<use Graphics/acreToHZ.png>
Package pdftex.def Info: Graphics/acreToHZ.png  used on input line 305.
(pdftex.def)             Requested size: 209.85173pt x 143.10641pt.
<Graphics/opt1.png, id=495, 292.84406pt x 240.9pt>
File: Graphics/opt1.png Graphic file (type png)
<use Graphics/opt1.png>
Package pdftex.def Info: Graphics/opt1.png  used on input line 320.
(pdftex.def)             Requested size: 139.90352pt x 115.09033pt.
<Graphics/opt2.png, id=496, 234.1247pt x 237.88875pt>
File: Graphics/opt2.png Graphic file (type png)
<use Graphics/opt2.png>
Package pdftex.def Info: Graphics/opt2.png  used on input line 327.
(pdftex.def)             Requested size: 139.90352pt x 142.16081pt.
<Graphics/opt3.png, id=497, 268.75406pt x 238.64156pt>
File: Graphics/opt3.png Graphic file (type png)
<use Graphics/opt3.png>
Package pdftex.def Info: Graphics/opt3.png  used on input line 334.
(pdftex.def)             Requested size: 139.90352pt x 124.22905pt.


pdfTeX warning: pdflatex.exe (file ./export-1.pdf): PDF inclusion: found PDF ve
rsion <1.7>, but at most version <1.5> allowed
<export-1.pdf, id=498, 598.15468pt x 846.0408pt>
File: export-1.pdf Graphic file (type pdf)
<use export-1.pdf>
Package pdftex.def Info: export-1.pdf  used on input line 346.
(pdftex.def)             Requested size: 443.0219pt x 626.64133pt.
[10 <./Graphics/acreToML.png> <./Graphics/acreToHZ.png> <./Graphics/opt1.png> <
./Graphics/opt2.png> <./Graphics/opt3.png>]

LaTeX Warning: Text page 11 contains only floats.


Overfull \vbox (3.67307pt too high) has occurred while \output is active []


[11 <./export-1.pdf>]
<Graphics/scrumTeam.png, id=534, 379.4175pt x 334.24875pt>
File: Graphics/scrumTeam.png Graphic file (type png)
<use Graphics/scrumTeam.png>
Package pdftex.def Info: Graphics/scrumTeam.png  used on input line 369.
(pdftex.def)             Requested size: 279.80705pt x 246.49866pt.
 [12 <./Graphics/scrumTeam.png>]
<Graphics/effort1.png, id=542, 283.0575pt x 204.01219pt>
File: Graphics/effort1.png Graphic file (type png)
<use Graphics/effort1.png>
Package pdftex.def Info: Graphics/effort1.png  used on input line 386.
(pdftex.def)             Requested size: 283.0568pt x 204.01169pt.
<Graphics/effort2.png, id=543, 279.29344pt x 203.25937pt>
File: Graphics/effort2.png Graphic file (type png)
<use Graphics/effort2.png>
Package pdftex.def Info: Graphics/effort2.png  used on input line 388.
(pdftex.def)             Requested size: 279.29276pt x 203.25887pt.
File: Graphics/effort1.png Graphic file (type png)
<use Graphics/effort1.png>
Package pdftex.def Info: Graphics/effort1.png  used on input line 390.
(pdftex.def)             Requested size: 283.0568pt x 204.01169pt.
<Graphics/effort5.png, id=544, 284.56313pt x 206.27063pt>
File: Graphics/effort5.png Graphic file (type png)
<use Graphics/effort5.png>
Package pdftex.def Info: Graphics/effort5.png  used on input line 392.
(pdftex.def)             Requested size: 284.56242pt x 206.27011pt.
<Graphics/effort4.png, id=545, 289.08pt x 206.27063pt>
File: Graphics/effort4.png Graphic file (type png)
<use Graphics/effort4.png>
Package pdftex.def Info: Graphics/effort4.png  used on input line 394.
(pdftex.def)             Requested size: 289.07928pt x 206.27011pt.
<Graphics/effort3.png, id=546, 283.81032pt x 204.01219pt>
File: Graphics/effort3.png Graphic file (type png)
<use Graphics/effort3.png>
Package pdftex.def Info: Graphics/effort3.png  used on input line 396.
(pdftex.def)             Requested size: 283.80962pt x 204.01169pt.
File: Graphics/effort1.png Graphic file (type png)
<use Graphics/effort1.png>
Package pdftex.def Info: Graphics/effort1.png  used on input line 398.
(pdftex.def)             Requested size: 283.0568pt x 204.01169pt.
File: Graphics/effort4.png Graphic file (type png)
<use Graphics/effort4.png>
Package pdftex.def Info: Graphics/effort4.png  used on input line 400.
(pdftex.def)             Requested size: 289.07928pt x 206.27011pt.
File: Graphics/effort3.png Graphic file (type png)
<use Graphics/effort3.png>
Package pdftex.def Info: Graphics/effort3.png  used on input line 402.
(pdftex.def)             Requested size: 283.80962pt x 204.01169pt.
File: Graphics/effort4.png Graphic file (type png)
<use Graphics/effort4.png>
Package pdftex.def Info: Graphics/effort4.png  used on input line 404.
(pdftex.def)             Requested size: 289.07928pt x 206.27011pt.

Overfull \hbox (9.07492pt too wide) in paragraph at lines 382--407
 [][] 
 []

<Graphics/effort22.png, id=547, 258.201pt x 190.311pt>
File: Graphics/effort22.png Graphic file (type png)
<use Graphics/effort22.png>
Package pdftex.def Info: Graphics/effort22.png  used on input line 417.
(pdftex.def)             Requested size: 258.20036pt x 190.31052pt.
<Graphics/effort12.png, id=548, 258.201pt x 190.311pt>
File: Graphics/effort12.png Graphic file (type png)
<use Graphics/effort12.png>
Package pdftex.def Info: Graphics/effort12.png  used on input line 423.
(pdftex.def)             Requested size: 258.20036pt x 190.31052pt.
<Graphics/effort52.png, id=549, 258.201pt x 190.311pt>
File: Graphics/effort52.png Graphic file (type png)
<use Graphics/effort52.png>
Package pdftex.def Info: Graphics/effort52.png  used on input line 429.
(pdftex.def)             Requested size: 258.20036pt x 190.31052pt.

Underfull \hbox (badness 10000) in paragraph at lines 412--432

 []


Overfull \hbox (4.56714pt too wide) in paragraph at lines 412--432
[] [] [] 
 []

PGFPlots: reading {Sprint1.csv}
PGFPlots: reading {Sprint1.csv}
NOTE: coordinate (,) has been dropped because of a coordinate filter. (see also
 unbounded coords=jump). 
NOTE: coordinate (,) has been dropped because of a coordinate filter. (see also
 unbounded coords=jump). 
NOTE: coordinate (,) has been dropped because of a coordinate filter. (see also
 unbounded coords=jump). 
NOTE: coordinate (,) has been dropped because of a coordinate filter. (see also
 unbounded coords=jump). 
NOTE: coordinate (,) has been dropped because of a coordinate filter. (see also
 unbounded coords=jump). 
NOTE: coordinate (,) has been dropped because of a coordinate filter. (see also
 unbounded coords=jump). 
<Graphics/effortN.png, id=550, 294.34969pt x 213.04594pt>
File: Graphics/effortN.png Graphic file (type png)
<use Graphics/effortN.png>
Package pdftex.def Info: Graphics/effortN.png  used on input line 474.
(pdftex.def)             Requested size: 294.34895pt x 213.04541pt.
[13 <./Graphics/effort1.png> <./Graphics/effort2.png> <./Graphics/effort5.png> 
<./Graphics/effort4.png> <./Graphics/effort3.png> <./Graphics/effort22.png> <./
Graphics/effort12.png> <./Graphics/effort52.png>]
Underfull \hbox (badness 10000) in paragraph at lines 485--487

 []

[14 <./Graphics/effortN.png>]
<Graphics/effort32.png, id=571, 258.201pt x 190.311pt>
File: Graphics/effort32.png Graphic file (type png)
<use Graphics/effort32.png>
Package pdftex.def Info: Graphics/effort32.png  used on input line 496.
(pdftex.def)             Requested size: 258.20036pt x 190.31052pt.

Underfull \hbox (badness 4291) in paragraph at lines 495--497
[]\T1/ptm/m/n/12 (+20) As a \T1/ptm/b/n/12 (+20) user\T1/ptm/m/n/12 (+20) , I
 []


Underfull \hbox (badness 10000) in paragraph at lines 495--497
\T1/ptm/m/n/12 (+20) to place the
 []


Underfull \hbox (badness 4193) in paragraph at lines 495--497
\T1/ptm/b/n/12 (+20) right fruit \T1/ptm/m/n/12 (+20) in
 []

<Graphics/effort42.png, id=572, 258.201pt x 190.311pt>
File: Graphics/effort42.png Graphic file (type png)
<use Graphics/effort42.png>
Package pdftex.def Info: Graphics/effort42.png  used on input line 502.
(pdftex.def)             Requested size: 258.20036pt x 190.31052pt.

Underfull \hbox (badness 7944) in paragraph at lines 501--503
[]\T1/ptm/m/n/12 (+20) As a \T1/ptm/b/n/12 (+20) user\T1/ptm/m/n/12 (+20) , I
 []


Underfull \hbox (badness 3769) in paragraph at lines 501--503
\T1/ptm/m/n/12 (+20) don't want the
 []

File: Graphics/effort52.png Graphic file (type png)
<use Graphics/effort52.png>
Package pdftex.def Info: Graphics/effort52.png  used on input line 508.
(pdftex.def)             Requested size: 258.20036pt x 190.31052pt.

Underfull \hbox (badness 3291) in paragraph at lines 507--509
\T1/ptm/m/n/12 (+20) for the \T1/ptm/b/n/12 (+20) spec-i-fied
 []

File: Graphics/effort12.png Graphic file (type png)
<use Graphics/effort12.png>
Package pdftex.def Info: Graphics/effort12.png  used on input line 514.
(pdftex.def)             Requested size: 258.20036pt x 190.31052pt.

Underfull \hbox (badness 10000) in paragraph at lines 513--515
[]\T1/ptm/m/n/12 (+20) As a \T1/ptm/b/n/12 (+20) user\T1/ptm/m/n/12 (+20) ,
 []


Underfull \hbox (badness 10000) in paragraph at lines 513--515
\T1/ptm/m/n/12 (+20) I want the
 []


Underfull \hbox (badness 10000) in paragraph at lines 513--515
\T1/ptm/m/n/12 (+20) robot to be
 []


Underfull \hbox (badness 10000) in paragraph at lines 513--515
\T1/ptm/m/n/12 (+20) com-pletely
 []


Underfull \hbox (badness 10000) in paragraph at lines 513--515
\T1/ptm/b/n/12 (+20) au-tonomous\T1/ptm/m/n/12 (+20) .
 []


Underfull \hbox (badness 10000) in paragraph at lines 491--517

 []

PGFPlots: reading {Sprint2.csv}
PGFPlots: reading {Sprint2.csv}
NOTE: coordinate (,) has been dropped because of a coordinate filter. (see also
 unbounded coords=jump). 
NOTE: coordinate (,) has been dropped because of a coordinate filter. (see also
 unbounded coords=jump). 
NOTE: coordinate (,) has been dropped because of a coordinate filter. (see also
 unbounded coords=jump). 
NOTE: coordinate (,) has been dropped because of a coordinate filter. (see also
 unbounded coords=jump). 
NOTE: coordinate (,) has been dropped because of a coordinate filter. (see also
 unbounded coords=jump). 
NOTE: coordinate (,) has been dropped because of a coordinate filter. (see also
 unbounded coords=jump). 
File: Graphics/effortN.png Graphic file (type png)
<use Graphics/effortN.png>
Package pdftex.def Info: Graphics/effortN.png  used on input line 556.
(pdftex.def)             Requested size: 294.34895pt x 213.04541pt.

Underfull \hbox (badness 10000) in paragraph at lines 567--570

 []

[15 <./Graphics/effort32.png> <./Graphics/effort42.png>]
<Graphics/effort122.png, id=582, 292.84406pt x 210.03468pt>
File: Graphics/effort122.png Graphic file (type png)
<use Graphics/effort122.png>
Package pdftex.def Info: Graphics/effort122.png  used on input line 574.
(pdftex.def)             Requested size: 292.84334pt x 210.03416pt.
File: Graphics/effort12.png Graphic file (type png)
<use Graphics/effort12.png>
Package pdftex.def Info: Graphics/effort12.png  used on input line 577.
(pdftex.def)             Requested size: 258.20036pt x 190.31052pt.
File: Graphics/effort42.png Graphic file (type png)
<use Graphics/effort42.png>
Package pdftex.def Info: Graphics/effort42.png  used on input line 581.
(pdftex.def)             Requested size: 258.20036pt x 190.31052pt.
File: Graphics/effort32.png Graphic file (type png)
<use Graphics/effort32.png>
Package pdftex.def Info: Graphics/effort32.png  used on input line 585.
(pdftex.def)             Requested size: 258.20036pt x 190.31052pt.
File: Graphics/effort42.png Graphic file (type png)
<use Graphics/effort42.png>
Package pdftex.def Info: Graphics/effort42.png  used on input line 589.
(pdftex.def)             Requested size: 258.20036pt x 190.31052pt.

Underfull \hbox (badness 2158) in paragraph at lines 588--590
\T1/ptm/m/n/12 (+20) the code to be \T1/ptm/b/n/12 (+20) ef-fi-cient\T1/ptm/m/n
/12 (+20) .
 []

File: Graphics/effort12.png Graphic file (type png)
<use Graphics/effort12.png>
Package pdftex.def Info: Graphics/effort12.png  used on input line 595.
(pdftex.def)             Requested size: 258.20036pt x 190.31052pt.
File: Graphics/effort12.png Graphic file (type png)
<use Graphics/effort12.png>
Package pdftex.def Info: Graphics/effort12.png  used on input line 598.
(pdftex.def)             Requested size: 258.20036pt x 190.31052pt.
<Graphics/effort152.png, id=583, 293.59688pt x 204.765pt>
File: Graphics/effort152.png Graphic file (type png)
<use Graphics/effort152.png>
Package pdftex.def Info: Graphics/effort152.png  used on input line 604.
(pdftex.def)             Requested size: 293.59615pt x 204.76448pt.
File: Graphics/effort42.png Graphic file (type png)
<use Graphics/effort42.png>
Package pdftex.def Info: Graphics/effort42.png  used on input line 607.
(pdftex.def)             Requested size: 258.20036pt x 190.31052pt.

Underfull \hbox (badness 1122) in paragraph at lines 606--608
[]\T1/ptm/m/n/12 (+20) As a \T1/ptm/b/n/12 (+20) user\T1/ptm/m/n/12 (+20) , I d
on't want
 []


Underfull \hbox (badness 3623) in paragraph at lines 606--608
\T1/ptm/m/n/12 (+20) home zone \T1/ptm/b/n/12 (+20) with-out the
 []

File: Graphics/effort52.png Graphic file (type png)
<use Graphics/effort52.png>
Package pdftex.def Info: Graphics/effort52.png  used on input line 611.
(pdftex.def)             Requested size: 258.20036pt x 190.31052pt.
File: Graphics/effort12.png Graphic file (type png)
<use Graphics/effort12.png>
Package pdftex.def Info: Graphics/effort12.png  used on input line 615.
(pdftex.def)             Requested size: 258.20036pt x 190.31052pt.
File: Graphics/effort32.png Graphic file (type png)
<use Graphics/effort32.png>
Package pdftex.def Info: Graphics/effort32.png  used on input line 619.
(pdftex.def)             Requested size: 258.20036pt x 190.31052pt.
File: Graphics/effort22.png Graphic file (type png)
<use Graphics/effort22.png>
Package pdftex.def Info: Graphics/effort22.png  used on input line 623.
(pdftex.def)             Requested size: 258.20036pt x 190.31052pt.

Overfull \hbox (13.1272pt too wide) in paragraph at lines 572--626
[] | [] | [] 
 []

[16 <./Graphics/effort122.png> <./Graphics/effort152.png>]
File: Graphics/effort12.png Graphic file (type png)
<use Graphics/effort12.png>
Package pdftex.def Info: Graphics/effort12.png  used on input line 637.
(pdftex.def)             Requested size: 258.20036pt x 190.31052pt.

Underfull \hbox (badness 1331) in paragraph at lines 636--638
\T1/ptm/m/n/12 (+20) to \T1/ptm/b/n/12 (+20) keep count
 []

File: Graphics/effort42.png Graphic file (type png)
<use Graphics/effort42.png>
Package pdftex.def Info: Graphics/effort42.png  used on input line 643.
(pdftex.def)             Requested size: 258.20036pt x 190.31052pt.
File: Graphics/effort52.png Graphic file (type png)
<use Graphics/effort52.png>
Package pdftex.def Info: Graphics/effort52.png  used on input line 649.
(pdftex.def)             Requested size: 258.20036pt x 190.31052pt.

Underfull \hbox (badness 7944) in paragraph at lines 648--650
[]\T1/ptm/m/n/12 (+20) As a \T1/ptm/b/n/12 (+20) user\T1/ptm/m/n/12 (+20) , I
 []


Underfull \hbox (badness 1960) in paragraph at lines 648--650
\T1/ptm/m/n/12 (+20) robot to search
 []

File: Graphics/effort42.png Graphic file (type png)
<use Graphics/effort42.png>
Package pdftex.def Info: Graphics/effort42.png  used on input line 655.
(pdftex.def)             Requested size: 258.20036pt x 190.31052pt.

Underfull \hbox (badness 6876) in paragraph at lines 654--656
[]\T1/ptm/m/n/12 (+20) As a \T1/ptm/b/n/12 (+20) de-vel-
 []


Underfull \hbox (badness 1728) in paragraph at lines 654--656
\T1/ptm/m/n/12 (+20) the the code
 []


Underfull \hbox (badness 10000) in paragraph at lines 632--658

 []


Overfull \hbox (11.50803pt too wide) in paragraph at lines 632--658
[] [] [] [] 
 []

PGFPlots: reading {Sprint3.csv}
PGFPlots: reading {Sprint3.csv}
NOTE: coordinate (,) has been dropped because of a coordinate filter. (see also
 unbounded coords=jump). 
NOTE: coordinate (,) has been dropped because of a coordinate filter. (see also
 unbounded coords=jump). 
NOTE: coordinate (,) has been dropped because of a coordinate filter. (see also
 unbounded coords=jump). 
NOTE: coordinate (,) has been dropped because of a coordinate filter. (see also
 unbounded coords=jump). 
NOTE: coordinate (,) has been dropped because of a coordinate filter. (see also
 unbounded coords=jump). 
NOTE: coordinate (,) has been dropped because of a coordinate filter. (see also
 unbounded coords=jump). 
File: Graphics/effortN.png Graphic file (type png)
<use Graphics/effortN.png>
Package pdftex.def Info: Graphics/effortN.png  used on input line 698.
(pdftex.def)             Requested size: 294.34895pt x 213.04541pt.

Underfull \hbox (badness 10000) in paragraph at lines 709--711

 []

[17] (IPEB3 Project Report.bbl
LaTeX Font Info:    Trying to load font information for T1+cmtt on input line 1
2.

(C:\Users\ROG\AppData\Local\Programs\MiKTeX\tex/latex/base\t1cmtt.fd
File: t1cmtt.fd 2019/12/16 v2.5j Standard LaTeX font definitions
)
Package microtype Info: Loading generic protrusion settings for font family
(microtype)             `cmtt' (encoding: T1).
(microtype)             For optimal results, create family-specific settings.
(microtype)             See the microtype manual for details.
))
[18] [19


]
\openout2 = `Main-pages/app1.aux'.

 (Main-pages/app1.tex
(C:\Users\ROG\AppData\Local\Programs\MiKTeX\tex/latex/listings\lstlang1.sty
File: lstlang1.sty 2020/03/24 1.8d listings language file
)
Overfull \hbox (6.0pt too wide) in paragraph at lines 5--5
[][][][][][][] 
 []

[20

]
Overfull \hbox (6.0pt too wide) in paragraph at lines 47--47
[][][][][][][] 
 []


Overfull \hbox (6.0pt too wide) in paragraph at lines 70--70
[][][][][][][] 
 []

[21]
Overfull \hbox (6.0pt too wide) in paragraph at lines 86--86
[][][][][][][] 
 []


Overfull \hbox (6.0pt too wide) in paragraph at lines 102--102
[][][][][][][] 
 []

[22]
Overfull \hbox (6.0pt too wide) in paragraph at lines 116--116
[][][][][][][] 
 []


Overfull \hbox (6.0pt too wide) in paragraph at lines 137--137
[][][][][][][] 
 []

[23]
Overfull \hbox (6.0pt too wide) in paragraph at lines 155--155
[][][][][][][] 
 []


Overfull \hbox (6.0pt too wide) in paragraph at lines 171--171
[][][][][][][] 
 []

[24] [25]
Overfull \hbox (6.0pt too wide) in paragraph at lines 254--254
[][][][][][][] 
 []

[26]) [27] 
AED: lastpage setting LastPage
(IPEB3 Project Report.aux (Preliminary-pages/proposaltitle.aux)
(Preliminary-pages/declaration.aux) (Preliminary-pages/abstract.aux)
(Main-pages/chapter1.aux) (Main-pages/app1.aux))
Package rerunfilecheck Info: File `"IPEB3 Project Report".out' has not changed.

(rerunfilecheck)             Checksum: AB48107C1FCEE60088A9227CB11A7AFA;8554.
 ) 
Here is how much of TeX's memory you used:
 49953 strings out of 478659
 1139215 string characters out of 2846869
 1991291 words of memory out of 3000000
 66432 multiletter control sequences out of 15000+600000
 497773 words of font info for 350 fonts, out of 8000000 for 9000
 1141 hyphenation exceptions out of 8191
 115i,19n,109p,1181b,2259s stack positions out of 5000i,500n,10000p,200000b,80000s
 <C:\Users\ROG\AppData\Local\MiKTeX\fonts/pk/ljfour/jknappen/ec/dpi600\ectt10
00.pk> <C:\Users\ROG\AppData\Local\MiKTeX\fonts/pk/ljfour/jknappen/ec/dpi600\ec
tt1200.pk>{C:/Users/ROG/AppData/Local/Programs/MiKTeX/fonts/enc/dvips/base/8r.e
nc}<C:/Users/ROG/AppData/Local/Programs/MiKTeX/fonts/type1/public/amsfonts/cm/c
mmi10.pfb><C:/Users/ROG/AppData/Local/Programs/MiKTeX/fonts/type1/public/amsfon
ts/cm/cmr10.pfb><C:/Users/ROG/AppData/Local/Programs/MiKTeX/fonts/type1/public/
amsfonts/cm/cmsy10.pfb><C:/Users/ROG/AppData/Local/Programs/MiKTeX/fonts/type1/
urw/symbol/usyr.pfb><C:/Users/ROG/AppData/Local/Programs/MiKTeX/fonts/type1/urw
/times/utmb8a.pfb><C:/Users/ROG/AppData/Local/Programs/MiKTeX/fonts/type1/urw/t
imes/utmr8a.pfb><C:/Users/ROG/AppData/Local/Programs/MiKTeX/fonts/type1/urw/tim
es/utmri8a.pfb>
Output written on "IPEB3 Project Report.pdf" (32 pages, 3967451 bytes).
PDF statistics:
 1088 PDF objects out of 1200 (max. 8388607)
 339 named destinations out of 1000 (max. 500000)
 106709 words of extra memory for PDF output out of 106986 (max. 10000000)

